# ******************************************************
# PLUTO 4.4-patch2 Grid File
# Generated on  Mon Feb  5 01:00:48 2024
# 
# DIMENSIONS: 2
# GEOMETRY:   CARTESIAN
# X1: [-0.500000,  0.500000], 512 point(s), 2 ghosts
# X2: [-1.000000,  1.000000], 512 point(s), 2 ghosts
# ******************************************************
512 
 1   -5.000000000000e-01    -4.980468750000e-01
 2   -4.980468750000e-01    -4.960937500000e-01
 3   -4.960937500000e-01    -4.941406250000e-01
 4   -4.941406250000e-01    -4.921875000000e-01
 5   -4.921875000000e-01    -4.902343750000e-01
 6   -4.902343750000e-01    -4.882812500000e-01
 7   -4.882812500000e-01    -4.863281250000e-01
 8   -4.863281250000e-01    -4.843750000000e-01
 9   -4.843750000000e-01    -4.824218750000e-01
 10   -4.824218750000e-01    -4.804687500000e-01
 11   -4.804687500000e-01    -4.785156250000e-01
 12   -4.785156250000e-01    -4.765625000000e-01
 13   -4.765625000000e-01    -4.746093750000e-01
 14   -4.746093750000e-01    -4.726562500000e-01
 15   -4.726562500000e-01    -4.707031250000e-01
 16   -4.707031250000e-01    -4.687500000000e-01
 17   -4.687500000000e-01    -4.667968750000e-01
 18   -4.667968750000e-01    -4.648437500000e-01
 19   -4.648437500000e-01    -4.628906250000e-01
 20   -4.628906250000e-01    -4.609375000000e-01
 21   -4.609375000000e-01    -4.589843750000e-01
 22   -4.589843750000e-01    -4.570312500000e-01
 23   -4.570312500000e-01    -4.550781250000e-01
 24   -4.550781250000e-01    -4.531250000000e-01
 25   -4.531250000000e-01    -4.511718750000e-01
 26   -4.511718750000e-01    -4.492187500000e-01
 27   -4.492187500000e-01    -4.472656250000e-01
 28   -4.472656250000e-01    -4.453125000000e-01
 29   -4.453125000000e-01    -4.433593750000e-01
 30   -4.433593750000e-01    -4.414062500000e-01
 31   -4.414062500000e-01    -4.394531250000e-01
 32   -4.394531250000e-01    -4.375000000000e-01
 33   -4.375000000000e-01    -4.355468750000e-01
 34   -4.355468750000e-01    -4.335937500000e-01
 35   -4.335937500000e-01    -4.316406250000e-01
 36   -4.316406250000e-01    -4.296875000000e-01
 37   -4.296875000000e-01    -4.277343750000e-01
 38   -4.277343750000e-01    -4.257812500000e-01
 39   -4.257812500000e-01    -4.238281250000e-01
 40   -4.238281250000e-01    -4.218750000000e-01
 41   -4.218750000000e-01    -4.199218750000e-01
 42   -4.199218750000e-01    -4.179687500000e-01
 43   -4.179687500000e-01    -4.160156250000e-01
 44   -4.160156250000e-01    -4.140625000000e-01
 45   -4.140625000000e-01    -4.121093750000e-01
 46   -4.121093750000e-01    -4.101562500000e-01
 47   -4.101562500000e-01    -4.082031250000e-01
 48   -4.082031250000e-01    -4.062500000000e-01
 49   -4.062500000000e-01    -4.042968750000e-01
 50   -4.042968750000e-01    -4.023437500000e-01
 51   -4.023437500000e-01    -4.003906250000e-01
 52   -4.003906250000e-01    -3.984375000000e-01
 53   -3.984375000000e-01    -3.964843750000e-01
 54   -3.964843750000e-01    -3.945312500000e-01
 55   -3.945312500000e-01    -3.925781250000e-01
 56   -3.925781250000e-01    -3.906250000000e-01
 57   -3.906250000000e-01    -3.886718750000e-01
 58   -3.886718750000e-01    -3.867187500000e-01
 59   -3.867187500000e-01    -3.847656250000e-01
 60   -3.847656250000e-01    -3.828125000000e-01
 61   -3.828125000000e-01    -3.808593750000e-01
 62   -3.808593750000e-01    -3.789062500000e-01
 63   -3.789062500000e-01    -3.769531250000e-01
 64   -3.769531250000e-01    -3.750000000000e-01
 65   -3.750000000000e-01    -3.730468750000e-01
 66   -3.730468750000e-01    -3.710937500000e-01
 67   -3.710937500000e-01    -3.691406250000e-01
 68   -3.691406250000e-01    -3.671875000000e-01
 69   -3.671875000000e-01    -3.652343750000e-01
 70   -3.652343750000e-01    -3.632812500000e-01
 71   -3.632812500000e-01    -3.613281250000e-01
 72   -3.613281250000e-01    -3.593750000000e-01
 73   -3.593750000000e-01    -3.574218750000e-01
 74   -3.574218750000e-01    -3.554687500000e-01
 75   -3.554687500000e-01    -3.535156250000e-01
 76   -3.535156250000e-01    -3.515625000000e-01
 77   -3.515625000000e-01    -3.496093750000e-01
 78   -3.496093750000e-01    -3.476562500000e-01
 79   -3.476562500000e-01    -3.457031250000e-01
 80   -3.457031250000e-01    -3.437500000000e-01
 81   -3.437500000000e-01    -3.417968750000e-01
 82   -3.417968750000e-01    -3.398437500000e-01
 83   -3.398437500000e-01    -3.378906250000e-01
 84   -3.378906250000e-01    -3.359375000000e-01
 85   -3.359375000000e-01    -3.339843750000e-01
 86   -3.339843750000e-01    -3.320312500000e-01
 87   -3.320312500000e-01    -3.300781250000e-01
 88   -3.300781250000e-01    -3.281250000000e-01
 89   -3.281250000000e-01    -3.261718750000e-01
 90   -3.261718750000e-01    -3.242187500000e-01
 91   -3.242187500000e-01    -3.222656250000e-01
 92   -3.222656250000e-01    -3.203125000000e-01
 93   -3.203125000000e-01    -3.183593750000e-01
 94   -3.183593750000e-01    -3.164062500000e-01
 95   -3.164062500000e-01    -3.144531250000e-01
 96   -3.144531250000e-01    -3.125000000000e-01
 97   -3.125000000000e-01    -3.105468750000e-01
 98   -3.105468750000e-01    -3.085937500000e-01
 99   -3.085937500000e-01    -3.066406250000e-01
 100   -3.066406250000e-01    -3.046875000000e-01
 101   -3.046875000000e-01    -3.027343750000e-01
 102   -3.027343750000e-01    -3.007812500000e-01
 103   -3.007812500000e-01    -2.988281250000e-01
 104   -2.988281250000e-01    -2.968750000000e-01
 105   -2.968750000000e-01    -2.949218750000e-01
 106   -2.949218750000e-01    -2.929687500000e-01
 107   -2.929687500000e-01    -2.910156250000e-01
 108   -2.910156250000e-01    -2.890625000000e-01
 109   -2.890625000000e-01    -2.871093750000e-01
 110   -2.871093750000e-01    -2.851562500000e-01
 111   -2.851562500000e-01    -2.832031250000e-01
 112   -2.832031250000e-01    -2.812500000000e-01
 113   -2.812500000000e-01    -2.792968750000e-01
 114   -2.792968750000e-01    -2.773437500000e-01
 115   -2.773437500000e-01    -2.753906250000e-01
 116   -2.753906250000e-01    -2.734375000000e-01
 117   -2.734375000000e-01    -2.714843750000e-01
 118   -2.714843750000e-01    -2.695312500000e-01
 119   -2.695312500000e-01    -2.675781250000e-01
 120   -2.675781250000e-01    -2.656250000000e-01
 121   -2.656250000000e-01    -2.636718750000e-01
 122   -2.636718750000e-01    -2.617187500000e-01
 123   -2.617187500000e-01    -2.597656250000e-01
 124   -2.597656250000e-01    -2.578125000000e-01
 125   -2.578125000000e-01    -2.558593750000e-01
 126   -2.558593750000e-01    -2.539062500000e-01
 127   -2.539062500000e-01    -2.519531250000e-01
 128   -2.519531250000e-01    -2.500000000000e-01
 129   -2.500000000000e-01    -2.480468750000e-01
 130   -2.480468750000e-01    -2.460937500000e-01
 131   -2.460937500000e-01    -2.441406250000e-01
 132   -2.441406250000e-01    -2.421875000000e-01
 133   -2.421875000000e-01    -2.402343750000e-01
 134   -2.402343750000e-01    -2.382812500000e-01
 135   -2.382812500000e-01    -2.363281250000e-01
 136   -2.363281250000e-01    -2.343750000000e-01
 137   -2.343750000000e-01    -2.324218750000e-01
 138   -2.324218750000e-01    -2.304687500000e-01
 139   -2.304687500000e-01    -2.285156250000e-01
 140   -2.285156250000e-01    -2.265625000000e-01
 141   -2.265625000000e-01    -2.246093750000e-01
 142   -2.246093750000e-01    -2.226562500000e-01
 143   -2.226562500000e-01    -2.207031250000e-01
 144   -2.207031250000e-01    -2.187500000000e-01
 145   -2.187500000000e-01    -2.167968750000e-01
 146   -2.167968750000e-01    -2.148437500000e-01
 147   -2.148437500000e-01    -2.128906250000e-01
 148   -2.128906250000e-01    -2.109375000000e-01
 149   -2.109375000000e-01    -2.089843750000e-01
 150   -2.089843750000e-01    -2.070312500000e-01
 151   -2.070312500000e-01    -2.050781250000e-01
 152   -2.050781250000e-01    -2.031250000000e-01
 153   -2.031250000000e-01    -2.011718750000e-01
 154   -2.011718750000e-01    -1.992187500000e-01
 155   -1.992187500000e-01    -1.972656250000e-01
 156   -1.972656250000e-01    -1.953125000000e-01
 157   -1.953125000000e-01    -1.933593750000e-01
 158   -1.933593750000e-01    -1.914062500000e-01
 159   -1.914062500000e-01    -1.894531250000e-01
 160   -1.894531250000e-01    -1.875000000000e-01
 161   -1.875000000000e-01    -1.855468750000e-01
 162   -1.855468750000e-01    -1.835937500000e-01
 163   -1.835937500000e-01    -1.816406250000e-01
 164   -1.816406250000e-01    -1.796875000000e-01
 165   -1.796875000000e-01    -1.777343750000e-01
 166   -1.777343750000e-01    -1.757812500000e-01
 167   -1.757812500000e-01    -1.738281250000e-01
 168   -1.738281250000e-01    -1.718750000000e-01
 169   -1.718750000000e-01    -1.699218750000e-01
 170   -1.699218750000e-01    -1.679687500000e-01
 171   -1.679687500000e-01    -1.660156250000e-01
 172   -1.660156250000e-01    -1.640625000000e-01
 173   -1.640625000000e-01    -1.621093750000e-01
 174   -1.621093750000e-01    -1.601562500000e-01
 175   -1.601562500000e-01    -1.582031250000e-01
 176   -1.582031250000e-01    -1.562500000000e-01
 177   -1.562500000000e-01    -1.542968750000e-01
 178   -1.542968750000e-01    -1.523437500000e-01
 179   -1.523437500000e-01    -1.503906250000e-01
 180   -1.503906250000e-01    -1.484375000000e-01
 181   -1.484375000000e-01    -1.464843750000e-01
 182   -1.464843750000e-01    -1.445312500000e-01
 183   -1.445312500000e-01    -1.425781250000e-01
 184   -1.425781250000e-01    -1.406250000000e-01
 185   -1.406250000000e-01    -1.386718750000e-01
 186   -1.386718750000e-01    -1.367187500000e-01
 187   -1.367187500000e-01    -1.347656250000e-01
 188   -1.347656250000e-01    -1.328125000000e-01
 189   -1.328125000000e-01    -1.308593750000e-01
 190   -1.308593750000e-01    -1.289062500000e-01
 191   -1.289062500000e-01    -1.269531250000e-01
 192   -1.269531250000e-01    -1.250000000000e-01
 193   -1.250000000000e-01    -1.230468750000e-01
 194   -1.230468750000e-01    -1.210937500000e-01
 195   -1.210937500000e-01    -1.191406250000e-01
 196   -1.191406250000e-01    -1.171875000000e-01
 197   -1.171875000000e-01    -1.152343750000e-01
 198   -1.152343750000e-01    -1.132812500000e-01
 199   -1.132812500000e-01    -1.113281250000e-01
 200   -1.113281250000e-01    -1.093750000000e-01
 201   -1.093750000000e-01    -1.074218750000e-01
 202   -1.074218750000e-01    -1.054687500000e-01
 203   -1.054687500000e-01    -1.035156250000e-01
 204   -1.035156250000e-01    -1.015625000000e-01
 205   -1.015625000000e-01    -9.960937500000e-02
 206   -9.960937500000e-02    -9.765625000000e-02
 207   -9.765625000000e-02    -9.570312500000e-02
 208   -9.570312500000e-02    -9.375000000000e-02
 209   -9.375000000000e-02    -9.179687500000e-02
 210   -9.179687500000e-02    -8.984375000000e-02
 211   -8.984375000000e-02    -8.789062500000e-02
 212   -8.789062500000e-02    -8.593750000000e-02
 213   -8.593750000000e-02    -8.398437500000e-02
 214   -8.398437500000e-02    -8.203125000000e-02
 215   -8.203125000000e-02    -8.007812500000e-02
 216   -8.007812500000e-02    -7.812500000000e-02
 217   -7.812500000000e-02    -7.617187500000e-02
 218   -7.617187500000e-02    -7.421875000000e-02
 219   -7.421875000000e-02    -7.226562500000e-02
 220   -7.226562500000e-02    -7.031250000000e-02
 221   -7.031250000000e-02    -6.835937500000e-02
 222   -6.835937500000e-02    -6.640625000000e-02
 223   -6.640625000000e-02    -6.445312500000e-02
 224   -6.445312500000e-02    -6.250000000000e-02
 225   -6.250000000000e-02    -6.054687500000e-02
 226   -6.054687500000e-02    -5.859375000000e-02
 227   -5.859375000000e-02    -5.664062500000e-02
 228   -5.664062500000e-02    -5.468750000000e-02
 229   -5.468750000000e-02    -5.273437500000e-02
 230   -5.273437500000e-02    -5.078125000000e-02
 231   -5.078125000000e-02    -4.882812500000e-02
 232   -4.882812500000e-02    -4.687500000000e-02
 233   -4.687500000000e-02    -4.492187500000e-02
 234   -4.492187500000e-02    -4.296875000000e-02
 235   -4.296875000000e-02    -4.101562500000e-02
 236   -4.101562500000e-02    -3.906250000000e-02
 237   -3.906250000000e-02    -3.710937500000e-02
 238   -3.710937500000e-02    -3.515625000000e-02
 239   -3.515625000000e-02    -3.320312500000e-02
 240   -3.320312500000e-02    -3.125000000000e-02
 241   -3.125000000000e-02    -2.929687500000e-02
 242   -2.929687500000e-02    -2.734375000000e-02
 243   -2.734375000000e-02    -2.539062500000e-02
 244   -2.539062500000e-02    -2.343750000000e-02
 245   -2.343750000000e-02    -2.148437500000e-02
 246   -2.148437500000e-02    -1.953125000000e-02
 247   -1.953125000000e-02    -1.757812500000e-02
 248   -1.757812500000e-02    -1.562500000000e-02
 249   -1.562500000000e-02    -1.367187500000e-02
 250   -1.367187500000e-02    -1.171875000000e-02
 251   -1.171875000000e-02    -9.765625000000e-03
 252   -9.765625000000e-03    -7.812500000000e-03
 253   -7.812500000000e-03    -5.859375000000e-03
 254   -5.859375000000e-03    -3.906250000000e-03
 255   -3.906250000000e-03    -1.953125000000e-03
 256   -1.953125000000e-03    0.000000000000e+00
 257   0.000000000000e+00    1.953125000000e-03
 258   1.953125000000e-03    3.906250000000e-03
 259   3.906250000000e-03    5.859375000000e-03
 260   5.859375000000e-03    7.812500000000e-03
 261   7.812500000000e-03    9.765625000000e-03
 262   9.765625000000e-03    1.171875000000e-02
 263   1.171875000000e-02    1.367187500000e-02
 264   1.367187500000e-02    1.562500000000e-02
 265   1.562500000000e-02    1.757812500000e-02
 266   1.757812500000e-02    1.953125000000e-02
 267   1.953125000000e-02    2.148437500000e-02
 268   2.148437500000e-02    2.343750000000e-02
 269   2.343750000000e-02    2.539062500000e-02
 270   2.539062500000e-02    2.734375000000e-02
 271   2.734375000000e-02    2.929687500000e-02
 272   2.929687500000e-02    3.125000000000e-02
 273   3.125000000000e-02    3.320312500000e-02
 274   3.320312500000e-02    3.515625000000e-02
 275   3.515625000000e-02    3.710937500000e-02
 276   3.710937500000e-02    3.906250000000e-02
 277   3.906250000000e-02    4.101562500000e-02
 278   4.101562500000e-02    4.296875000000e-02
 279   4.296875000000e-02    4.492187500000e-02
 280   4.492187500000e-02    4.687500000000e-02
 281   4.687500000000e-02    4.882812500000e-02
 282   4.882812500000e-02    5.078125000000e-02
 283   5.078125000000e-02    5.273437500000e-02
 284   5.273437500000e-02    5.468750000000e-02
 285   5.468750000000e-02    5.664062500000e-02
 286   5.664062500000e-02    5.859375000000e-02
 287   5.859375000000e-02    6.054687500000e-02
 288   6.054687500000e-02    6.250000000000e-02
 289   6.250000000000e-02    6.445312500000e-02
 290   6.445312500000e-02    6.640625000000e-02
 291   6.640625000000e-02    6.835937500000e-02
 292   6.835937500000e-02    7.031250000000e-02
 293   7.031250000000e-02    7.226562500000e-02
 294   7.226562500000e-02    7.421875000000e-02
 295   7.421875000000e-02    7.617187500000e-02
 296   7.617187500000e-02    7.812500000000e-02
 297   7.812500000000e-02    8.007812500000e-02
 298   8.007812500000e-02    8.203125000000e-02
 299   8.203125000000e-02    8.398437500000e-02
 300   8.398437500000e-02    8.593750000000e-02
 301   8.593750000000e-02    8.789062500000e-02
 302   8.789062500000e-02    8.984375000000e-02
 303   8.984375000000e-02    9.179687500000e-02
 304   9.179687500000e-02    9.375000000000e-02
 305   9.375000000000e-02    9.570312500000e-02
 306   9.570312500000e-02    9.765625000000e-02
 307   9.765625000000e-02    9.960937500000e-02
 308   9.960937500000e-02    1.015625000000e-01
 309   1.015625000000e-01    1.035156250000e-01
 310   1.035156250000e-01    1.054687500000e-01
 311   1.054687500000e-01    1.074218750000e-01
 312   1.074218750000e-01    1.093750000000e-01
 313   1.093750000000e-01    1.113281250000e-01
 314   1.113281250000e-01    1.132812500000e-01
 315   1.132812500000e-01    1.152343750000e-01
 316   1.152343750000e-01    1.171875000000e-01
 317   1.171875000000e-01    1.191406250000e-01
 318   1.191406250000e-01    1.210937500000e-01
 319   1.210937500000e-01    1.230468750000e-01
 320   1.230468750000e-01    1.250000000000e-01
 321   1.250000000000e-01    1.269531250000e-01
 322   1.269531250000e-01    1.289062500000e-01
 323   1.289062500000e-01    1.308593750000e-01
 324   1.308593750000e-01    1.328125000000e-01
 325   1.328125000000e-01    1.347656250000e-01
 326   1.347656250000e-01    1.367187500000e-01
 327   1.367187500000e-01    1.386718750000e-01
 328   1.386718750000e-01    1.406250000000e-01
 329   1.406250000000e-01    1.425781250000e-01
 330   1.425781250000e-01    1.445312500000e-01
 331   1.445312500000e-01    1.464843750000e-01
 332   1.464843750000e-01    1.484375000000e-01
 333   1.484375000000e-01    1.503906250000e-01
 334   1.503906250000e-01    1.523437500000e-01
 335   1.523437500000e-01    1.542968750000e-01
 336   1.542968750000e-01    1.562500000000e-01
 337   1.562500000000e-01    1.582031250000e-01
 338   1.582031250000e-01    1.601562500000e-01
 339   1.601562500000e-01    1.621093750000e-01
 340   1.621093750000e-01    1.640625000000e-01
 341   1.640625000000e-01    1.660156250000e-01
 342   1.660156250000e-01    1.679687500000e-01
 343   1.679687500000e-01    1.699218750000e-01
 344   1.699218750000e-01    1.718750000000e-01
 345   1.718750000000e-01    1.738281250000e-01
 346   1.738281250000e-01    1.757812500000e-01
 347   1.757812500000e-01    1.777343750000e-01
 348   1.777343750000e-01    1.796875000000e-01
 349   1.796875000000e-01    1.816406250000e-01
 350   1.816406250000e-01    1.835937500000e-01
 351   1.835937500000e-01    1.855468750000e-01
 352   1.855468750000e-01    1.875000000000e-01
 353   1.875000000000e-01    1.894531250000e-01
 354   1.894531250000e-01    1.914062500000e-01
 355   1.914062500000e-01    1.933593750000e-01
 356   1.933593750000e-01    1.953125000000e-01
 357   1.953125000000e-01    1.972656250000e-01
 358   1.972656250000e-01    1.992187500000e-01
 359   1.992187500000e-01    2.011718750000e-01
 360   2.011718750000e-01    2.031250000000e-01
 361   2.031250000000e-01    2.050781250000e-01
 362   2.050781250000e-01    2.070312500000e-01
 363   2.070312500000e-01    2.089843750000e-01
 364   2.089843750000e-01    2.109375000000e-01
 365   2.109375000000e-01    2.128906250000e-01
 366   2.128906250000e-01    2.148437500000e-01
 367   2.148437500000e-01    2.167968750000e-01
 368   2.167968750000e-01    2.187500000000e-01
 369   2.187500000000e-01    2.207031250000e-01
 370   2.207031250000e-01    2.226562500000e-01
 371   2.226562500000e-01    2.246093750000e-01
 372   2.246093750000e-01    2.265625000000e-01
 373   2.265625000000e-01    2.285156250000e-01
 374   2.285156250000e-01    2.304687500000e-01
 375   2.304687500000e-01    2.324218750000e-01
 376   2.324218750000e-01    2.343750000000e-01
 377   2.343750000000e-01    2.363281250000e-01
 378   2.363281250000e-01    2.382812500000e-01
 379   2.382812500000e-01    2.402343750000e-01
 380   2.402343750000e-01    2.421875000000e-01
 381   2.421875000000e-01    2.441406250000e-01
 382   2.441406250000e-01    2.460937500000e-01
 383   2.460937500000e-01    2.480468750000e-01
 384   2.480468750000e-01    2.500000000000e-01
 385   2.500000000000e-01    2.519531250000e-01
 386   2.519531250000e-01    2.539062500000e-01
 387   2.539062500000e-01    2.558593750000e-01
 388   2.558593750000e-01    2.578125000000e-01
 389   2.578125000000e-01    2.597656250000e-01
 390   2.597656250000e-01    2.617187500000e-01
 391   2.617187500000e-01    2.636718750000e-01
 392   2.636718750000e-01    2.656250000000e-01
 393   2.656250000000e-01    2.675781250000e-01
 394   2.675781250000e-01    2.695312500000e-01
 395   2.695312500000e-01    2.714843750000e-01
 396   2.714843750000e-01    2.734375000000e-01
 397   2.734375000000e-01    2.753906250000e-01
 398   2.753906250000e-01    2.773437500000e-01
 399   2.773437500000e-01    2.792968750000e-01
 400   2.792968750000e-01    2.812500000000e-01
 401   2.812500000000e-01    2.832031250000e-01
 402   2.832031250000e-01    2.851562500000e-01
 403   2.851562500000e-01    2.871093750000e-01
 404   2.871093750000e-01    2.890625000000e-01
 405   2.890625000000e-01    2.910156250000e-01
 406   2.910156250000e-01    2.929687500000e-01
 407   2.929687500000e-01    2.949218750000e-01
 408   2.949218750000e-01    2.968750000000e-01
 409   2.968750000000e-01    2.988281250000e-01
 410   2.988281250000e-01    3.007812500000e-01
 411   3.007812500000e-01    3.027343750000e-01
 412   3.027343750000e-01    3.046875000000e-01
 413   3.046875000000e-01    3.066406250000e-01
 414   3.066406250000e-01    3.085937500000e-01
 415   3.085937500000e-01    3.105468750000e-01
 416   3.105468750000e-01    3.125000000000e-01
 417   3.125000000000e-01    3.144531250000e-01
 418   3.144531250000e-01    3.164062500000e-01
 419   3.164062500000e-01    3.183593750000e-01
 420   3.183593750000e-01    3.203125000000e-01
 421   3.203125000000e-01    3.222656250000e-01
 422   3.222656250000e-01    3.242187500000e-01
 423   3.242187500000e-01    3.261718750000e-01
 424   3.261718750000e-01    3.281250000000e-01
 425   3.281250000000e-01    3.300781250000e-01
 426   3.300781250000e-01    3.320312500000e-01
 427   3.320312500000e-01    3.339843750000e-01
 428   3.339843750000e-01    3.359375000000e-01
 429   3.359375000000e-01    3.378906250000e-01
 430   3.378906250000e-01    3.398437500000e-01
 431   3.398437500000e-01    3.417968750000e-01
 432   3.417968750000e-01    3.437500000000e-01
 433   3.437500000000e-01    3.457031250000e-01
 434   3.457031250000e-01    3.476562500000e-01
 435   3.476562500000e-01    3.496093750000e-01
 436   3.496093750000e-01    3.515625000000e-01
 437   3.515625000000e-01    3.535156250000e-01
 438   3.535156250000e-01    3.554687500000e-01
 439   3.554687500000e-01    3.574218750000e-01
 440   3.574218750000e-01    3.593750000000e-01
 441   3.593750000000e-01    3.613281250000e-01
 442   3.613281250000e-01    3.632812500000e-01
 443   3.632812500000e-01    3.652343750000e-01
 444   3.652343750000e-01    3.671875000000e-01
 445   3.671875000000e-01    3.691406250000e-01
 446   3.691406250000e-01    3.710937500000e-01
 447   3.710937500000e-01    3.730468750000e-01
 448   3.730468750000e-01    3.750000000000e-01
 449   3.750000000000e-01    3.769531250000e-01
 450   3.769531250000e-01    3.789062500000e-01
 451   3.789062500000e-01    3.808593750000e-01
 452   3.808593750000e-01    3.828125000000e-01
 453   3.828125000000e-01    3.847656250000e-01
 454   3.847656250000e-01    3.867187500000e-01
 455   3.867187500000e-01    3.886718750000e-01
 456   3.886718750000e-01    3.906250000000e-01
 457   3.906250000000e-01    3.925781250000e-01
 458   3.925781250000e-01    3.945312500000e-01
 459   3.945312500000e-01    3.964843750000e-01
 460   3.964843750000e-01    3.984375000000e-01
 461   3.984375000000e-01    4.003906250000e-01
 462   4.003906250000e-01    4.023437500000e-01
 463   4.023437500000e-01    4.042968750000e-01
 464   4.042968750000e-01    4.062500000000e-01
 465   4.062500000000e-01    4.082031250000e-01
 466   4.082031250000e-01    4.101562500000e-01
 467   4.101562500000e-01    4.121093750000e-01
 468   4.121093750000e-01    4.140625000000e-01
 469   4.140625000000e-01    4.160156250000e-01
 470   4.160156250000e-01    4.179687500000e-01
 471   4.179687500000e-01    4.199218750000e-01
 472   4.199218750000e-01    4.218750000000e-01
 473   4.218750000000e-01    4.238281250000e-01
 474   4.238281250000e-01    4.257812500000e-01
 475   4.257812500000e-01    4.277343750000e-01
 476   4.277343750000e-01    4.296875000000e-01
 477   4.296875000000e-01    4.316406250000e-01
 478   4.316406250000e-01    4.335937500000e-01
 479   4.335937500000e-01    4.355468750000e-01
 480   4.355468750000e-01    4.375000000000e-01
 481   4.375000000000e-01    4.394531250000e-01
 482   4.394531250000e-01    4.414062500000e-01
 483   4.414062500000e-01    4.433593750000e-01
 484   4.433593750000e-01    4.453125000000e-01
 485   4.453125000000e-01    4.472656250000e-01
 486   4.472656250000e-01    4.492187500000e-01
 487   4.492187500000e-01    4.511718750000e-01
 488   4.511718750000e-01    4.531250000000e-01
 489   4.531250000000e-01    4.550781250000e-01
 490   4.550781250000e-01    4.570312500000e-01
 491   4.570312500000e-01    4.589843750000e-01
 492   4.589843750000e-01    4.609375000000e-01
 493   4.609375000000e-01    4.628906250000e-01
 494   4.628906250000e-01    4.648437500000e-01
 495   4.648437500000e-01    4.667968750000e-01
 496   4.667968750000e-01    4.687500000000e-01
 497   4.687500000000e-01    4.707031250000e-01
 498   4.707031250000e-01    4.726562500000e-01
 499   4.726562500000e-01    4.746093750000e-01
 500   4.746093750000e-01    4.765625000000e-01
 501   4.765625000000e-01    4.785156250000e-01
 502   4.785156250000e-01    4.804687500000e-01
 503   4.804687500000e-01    4.824218750000e-01
 504   4.824218750000e-01    4.843750000000e-01
 505   4.843750000000e-01    4.863281250000e-01
 506   4.863281250000e-01    4.882812500000e-01
 507   4.882812500000e-01    4.902343750000e-01
 508   4.902343750000e-01    4.921875000000e-01
 509   4.921875000000e-01    4.941406250000e-01
 510   4.941406250000e-01    4.960937500000e-01
 511   4.960937500000e-01    4.980468750000e-01
 512   4.980468750000e-01    5.000000000000e-01
512 
 1   -1.000000000000e+00    -9.960937500000e-01
 2   -9.960937500000e-01    -9.921875000000e-01
 3   -9.921875000000e-01    -9.882812500000e-01
 4   -9.882812500000e-01    -9.843750000000e-01
 5   -9.843750000000e-01    -9.804687500000e-01
 6   -9.804687500000e-01    -9.765625000000e-01
 7   -9.765625000000e-01    -9.726562500000e-01
 8   -9.726562500000e-01    -9.687500000000e-01
 9   -9.687500000000e-01    -9.648437500000e-01
 10   -9.648437500000e-01    -9.609375000000e-01
 11   -9.609375000000e-01    -9.570312500000e-01
 12   -9.570312500000e-01    -9.531250000000e-01
 13   -9.531250000000e-01    -9.492187500000e-01
 14   -9.492187500000e-01    -9.453125000000e-01
 15   -9.453125000000e-01    -9.414062500000e-01
 16   -9.414062500000e-01    -9.375000000000e-01
 17   -9.375000000000e-01    -9.335937500000e-01
 18   -9.335937500000e-01    -9.296875000000e-01
 19   -9.296875000000e-01    -9.257812500000e-01
 20   -9.257812500000e-01    -9.218750000000e-01
 21   -9.218750000000e-01    -9.179687500000e-01
 22   -9.179687500000e-01    -9.140625000000e-01
 23   -9.140625000000e-01    -9.101562500000e-01
 24   -9.101562500000e-01    -9.062500000000e-01
 25   -9.062500000000e-01    -9.023437500000e-01
 26   -9.023437500000e-01    -8.984375000000e-01
 27   -8.984375000000e-01    -8.945312500000e-01
 28   -8.945312500000e-01    -8.906250000000e-01
 29   -8.906250000000e-01    -8.867187500000e-01
 30   -8.867187500000e-01    -8.828125000000e-01
 31   -8.828125000000e-01    -8.789062500000e-01
 32   -8.789062500000e-01    -8.750000000000e-01
 33   -8.750000000000e-01    -8.710937500000e-01
 34   -8.710937500000e-01    -8.671875000000e-01
 35   -8.671875000000e-01    -8.632812500000e-01
 36   -8.632812500000e-01    -8.593750000000e-01
 37   -8.593750000000e-01    -8.554687500000e-01
 38   -8.554687500000e-01    -8.515625000000e-01
 39   -8.515625000000e-01    -8.476562500000e-01
 40   -8.476562500000e-01    -8.437500000000e-01
 41   -8.437500000000e-01    -8.398437500000e-01
 42   -8.398437500000e-01    -8.359375000000e-01
 43   -8.359375000000e-01    -8.320312500000e-01
 44   -8.320312500000e-01    -8.281250000000e-01
 45   -8.281250000000e-01    -8.242187500000e-01
 46   -8.242187500000e-01    -8.203125000000e-01
 47   -8.203125000000e-01    -8.164062500000e-01
 48   -8.164062500000e-01    -8.125000000000e-01
 49   -8.125000000000e-01    -8.085937500000e-01
 50   -8.085937500000e-01    -8.046875000000e-01
 51   -8.046875000000e-01    -8.007812500000e-01
 52   -8.007812500000e-01    -7.968750000000e-01
 53   -7.968750000000e-01    -7.929687500000e-01
 54   -7.929687500000e-01    -7.890625000000e-01
 55   -7.890625000000e-01    -7.851562500000e-01
 56   -7.851562500000e-01    -7.812500000000e-01
 57   -7.812500000000e-01    -7.773437500000e-01
 58   -7.773437500000e-01    -7.734375000000e-01
 59   -7.734375000000e-01    -7.695312500000e-01
 60   -7.695312500000e-01    -7.656250000000e-01
 61   -7.656250000000e-01    -7.617187500000e-01
 62   -7.617187500000e-01    -7.578125000000e-01
 63   -7.578125000000e-01    -7.539062500000e-01
 64   -7.539062500000e-01    -7.500000000000e-01
 65   -7.500000000000e-01    -7.460937500000e-01
 66   -7.460937500000e-01    -7.421875000000e-01
 67   -7.421875000000e-01    -7.382812500000e-01
 68   -7.382812500000e-01    -7.343750000000e-01
 69   -7.343750000000e-01    -7.304687500000e-01
 70   -7.304687500000e-01    -7.265625000000e-01
 71   -7.265625000000e-01    -7.226562500000e-01
 72   -7.226562500000e-01    -7.187500000000e-01
 73   -7.187500000000e-01    -7.148437500000e-01
 74   -7.148437500000e-01    -7.109375000000e-01
 75   -7.109375000000e-01    -7.070312500000e-01
 76   -7.070312500000e-01    -7.031250000000e-01
 77   -7.031250000000e-01    -6.992187500000e-01
 78   -6.992187500000e-01    -6.953125000000e-01
 79   -6.953125000000e-01    -6.914062500000e-01
 80   -6.914062500000e-01    -6.875000000000e-01
 81   -6.875000000000e-01    -6.835937500000e-01
 82   -6.835937500000e-01    -6.796875000000e-01
 83   -6.796875000000e-01    -6.757812500000e-01
 84   -6.757812500000e-01    -6.718750000000e-01
 85   -6.718750000000e-01    -6.679687500000e-01
 86   -6.679687500000e-01    -6.640625000000e-01
 87   -6.640625000000e-01    -6.601562500000e-01
 88   -6.601562500000e-01    -6.562500000000e-01
 89   -6.562500000000e-01    -6.523437500000e-01
 90   -6.523437500000e-01    -6.484375000000e-01
 91   -6.484375000000e-01    -6.445312500000e-01
 92   -6.445312500000e-01    -6.406250000000e-01
 93   -6.406250000000e-01    -6.367187500000e-01
 94   -6.367187500000e-01    -6.328125000000e-01
 95   -6.328125000000e-01    -6.289062500000e-01
 96   -6.289062500000e-01    -6.250000000000e-01
 97   -6.250000000000e-01    -6.210937500000e-01
 98   -6.210937500000e-01    -6.171875000000e-01
 99   -6.171875000000e-01    -6.132812500000e-01
 100   -6.132812500000e-01    -6.093750000000e-01
 101   -6.093750000000e-01    -6.054687500000e-01
 102   -6.054687500000e-01    -6.015625000000e-01
 103   -6.015625000000e-01    -5.976562500000e-01
 104   -5.976562500000e-01    -5.937500000000e-01
 105   -5.937500000000e-01    -5.898437500000e-01
 106   -5.898437500000e-01    -5.859375000000e-01
 107   -5.859375000000e-01    -5.820312500000e-01
 108   -5.820312500000e-01    -5.781250000000e-01
 109   -5.781250000000e-01    -5.742187500000e-01
 110   -5.742187500000e-01    -5.703125000000e-01
 111   -5.703125000000e-01    -5.664062500000e-01
 112   -5.664062500000e-01    -5.625000000000e-01
 113   -5.625000000000e-01    -5.585937500000e-01
 114   -5.585937500000e-01    -5.546875000000e-01
 115   -5.546875000000e-01    -5.507812500000e-01
 116   -5.507812500000e-01    -5.468750000000e-01
 117   -5.468750000000e-01    -5.429687500000e-01
 118   -5.429687500000e-01    -5.390625000000e-01
 119   -5.390625000000e-01    -5.351562500000e-01
 120   -5.351562500000e-01    -5.312500000000e-01
 121   -5.312500000000e-01    -5.273437500000e-01
 122   -5.273437500000e-01    -5.234375000000e-01
 123   -5.234375000000e-01    -5.195312500000e-01
 124   -5.195312500000e-01    -5.156250000000e-01
 125   -5.156250000000e-01    -5.117187500000e-01
 126   -5.117187500000e-01    -5.078125000000e-01
 127   -5.078125000000e-01    -5.039062500000e-01
 128   -5.039062500000e-01    -5.000000000000e-01
 129   -5.000000000000e-01    -4.960937500000e-01
 130   -4.960937500000e-01    -4.921875000000e-01
 131   -4.921875000000e-01    -4.882812500000e-01
 132   -4.882812500000e-01    -4.843750000000e-01
 133   -4.843750000000e-01    -4.804687500000e-01
 134   -4.804687500000e-01    -4.765625000000e-01
 135   -4.765625000000e-01    -4.726562500000e-01
 136   -4.726562500000e-01    -4.687500000000e-01
 137   -4.687500000000e-01    -4.648437500000e-01
 138   -4.648437500000e-01    -4.609375000000e-01
 139   -4.609375000000e-01    -4.570312500000e-01
 140   -4.570312500000e-01    -4.531250000000e-01
 141   -4.531250000000e-01    -4.492187500000e-01
 142   -4.492187500000e-01    -4.453125000000e-01
 143   -4.453125000000e-01    -4.414062500000e-01
 144   -4.414062500000e-01    -4.375000000000e-01
 145   -4.375000000000e-01    -4.335937500000e-01
 146   -4.335937500000e-01    -4.296875000000e-01
 147   -4.296875000000e-01    -4.257812500000e-01
 148   -4.257812500000e-01    -4.218750000000e-01
 149   -4.218750000000e-01    -4.179687500000e-01
 150   -4.179687500000e-01    -4.140625000000e-01
 151   -4.140625000000e-01    -4.101562500000e-01
 152   -4.101562500000e-01    -4.062500000000e-01
 153   -4.062500000000e-01    -4.023437500000e-01
 154   -4.023437500000e-01    -3.984375000000e-01
 155   -3.984375000000e-01    -3.945312500000e-01
 156   -3.945312500000e-01    -3.906250000000e-01
 157   -3.906250000000e-01    -3.867187500000e-01
 158   -3.867187500000e-01    -3.828125000000e-01
 159   -3.828125000000e-01    -3.789062500000e-01
 160   -3.789062500000e-01    -3.750000000000e-01
 161   -3.750000000000e-01    -3.710937500000e-01
 162   -3.710937500000e-01    -3.671875000000e-01
 163   -3.671875000000e-01    -3.632812500000e-01
 164   -3.632812500000e-01    -3.593750000000e-01
 165   -3.593750000000e-01    -3.554687500000e-01
 166   -3.554687500000e-01    -3.515625000000e-01
 167   -3.515625000000e-01    -3.476562500000e-01
 168   -3.476562500000e-01    -3.437500000000e-01
 169   -3.437500000000e-01    -3.398437500000e-01
 170   -3.398437500000e-01    -3.359375000000e-01
 171   -3.359375000000e-01    -3.320312500000e-01
 172   -3.320312500000e-01    -3.281250000000e-01
 173   -3.281250000000e-01    -3.242187500000e-01
 174   -3.242187500000e-01    -3.203125000000e-01
 175   -3.203125000000e-01    -3.164062500000e-01
 176   -3.164062500000e-01    -3.125000000000e-01
 177   -3.125000000000e-01    -3.085937500000e-01
 178   -3.085937500000e-01    -3.046875000000e-01
 179   -3.046875000000e-01    -3.007812500000e-01
 180   -3.007812500000e-01    -2.968750000000e-01
 181   -2.968750000000e-01    -2.929687500000e-01
 182   -2.929687500000e-01    -2.890625000000e-01
 183   -2.890625000000e-01    -2.851562500000e-01
 184   -2.851562500000e-01    -2.812500000000e-01
 185   -2.812500000000e-01    -2.773437500000e-01
 186   -2.773437500000e-01    -2.734375000000e-01
 187   -2.734375000000e-01    -2.695312500000e-01
 188   -2.695312500000e-01    -2.656250000000e-01
 189   -2.656250000000e-01    -2.617187500000e-01
 190   -2.617187500000e-01    -2.578125000000e-01
 191   -2.578125000000e-01    -2.539062500000e-01
 192   -2.539062500000e-01    -2.500000000000e-01
 193   -2.500000000000e-01    -2.460937500000e-01
 194   -2.460937500000e-01    -2.421875000000e-01
 195   -2.421875000000e-01    -2.382812500000e-01
 196   -2.382812500000e-01    -2.343750000000e-01
 197   -2.343750000000e-01    -2.304687500000e-01
 198   -2.304687500000e-01    -2.265625000000e-01
 199   -2.265625000000e-01    -2.226562500000e-01
 200   -2.226562500000e-01    -2.187500000000e-01
 201   -2.187500000000e-01    -2.148437500000e-01
 202   -2.148437500000e-01    -2.109375000000e-01
 203   -2.109375000000e-01    -2.070312500000e-01
 204   -2.070312500000e-01    -2.031250000000e-01
 205   -2.031250000000e-01    -1.992187500000e-01
 206   -1.992187500000e-01    -1.953125000000e-01
 207   -1.953125000000e-01    -1.914062500000e-01
 208   -1.914062500000e-01    -1.875000000000e-01
 209   -1.875000000000e-01    -1.835937500000e-01
 210   -1.835937500000e-01    -1.796875000000e-01
 211   -1.796875000000e-01    -1.757812500000e-01
 212   -1.757812500000e-01    -1.718750000000e-01
 213   -1.718750000000e-01    -1.679687500000e-01
 214   -1.679687500000e-01    -1.640625000000e-01
 215   -1.640625000000e-01    -1.601562500000e-01
 216   -1.601562500000e-01    -1.562500000000e-01
 217   -1.562500000000e-01    -1.523437500000e-01
 218   -1.523437500000e-01    -1.484375000000e-01
 219   -1.484375000000e-01    -1.445312500000e-01
 220   -1.445312500000e-01    -1.406250000000e-01
 221   -1.406250000000e-01    -1.367187500000e-01
 222   -1.367187500000e-01    -1.328125000000e-01
 223   -1.328125000000e-01    -1.289062500000e-01
 224   -1.289062500000e-01    -1.250000000000e-01
 225   -1.250000000000e-01    -1.210937500000e-01
 226   -1.210937500000e-01    -1.171875000000e-01
 227   -1.171875000000e-01    -1.132812500000e-01
 228   -1.132812500000e-01    -1.093750000000e-01
 229   -1.093750000000e-01    -1.054687500000e-01
 230   -1.054687500000e-01    -1.015625000000e-01
 231   -1.015625000000e-01    -9.765625000000e-02
 232   -9.765625000000e-02    -9.375000000000e-02
 233   -9.375000000000e-02    -8.984375000000e-02
 234   -8.984375000000e-02    -8.593750000000e-02
 235   -8.593750000000e-02    -8.203125000000e-02
 236   -8.203125000000e-02    -7.812500000000e-02
 237   -7.812500000000e-02    -7.421875000000e-02
 238   -7.421875000000e-02    -7.031250000000e-02
 239   -7.031250000000e-02    -6.640625000000e-02
 240   -6.640625000000e-02    -6.250000000000e-02
 241   -6.250000000000e-02    -5.859375000000e-02
 242   -5.859375000000e-02    -5.468750000000e-02
 243   -5.468750000000e-02    -5.078125000000e-02
 244   -5.078125000000e-02    -4.687500000000e-02
 245   -4.687500000000e-02    -4.296875000000e-02
 246   -4.296875000000e-02    -3.906250000000e-02
 247   -3.906250000000e-02    -3.515625000000e-02
 248   -3.515625000000e-02    -3.125000000000e-02
 249   -3.125000000000e-02    -2.734375000000e-02
 250   -2.734375000000e-02    -2.343750000000e-02
 251   -2.343750000000e-02    -1.953125000000e-02
 252   -1.953125000000e-02    -1.562500000000e-02
 253   -1.562500000000e-02    -1.171875000000e-02
 254   -1.171875000000e-02    -7.812500000000e-03
 255   -7.812500000000e-03    -3.906250000000e-03
 256   -3.906250000000e-03    0.000000000000e+00
 257   0.000000000000e+00    3.906250000000e-03
 258   3.906250000000e-03    7.812500000000e-03
 259   7.812500000000e-03    1.171875000000e-02
 260   1.171875000000e-02    1.562500000000e-02
 261   1.562500000000e-02    1.953125000000e-02
 262   1.953125000000e-02    2.343750000000e-02
 263   2.343750000000e-02    2.734375000000e-02
 264   2.734375000000e-02    3.125000000000e-02
 265   3.125000000000e-02    3.515625000000e-02
 266   3.515625000000e-02    3.906250000000e-02
 267   3.906250000000e-02    4.296875000000e-02
 268   4.296875000000e-02    4.687500000000e-02
 269   4.687500000000e-02    5.078125000000e-02
 270   5.078125000000e-02    5.468750000000e-02
 271   5.468750000000e-02    5.859375000000e-02
 272   5.859375000000e-02    6.250000000000e-02
 273   6.250000000000e-02    6.640625000000e-02
 274   6.640625000000e-02    7.031250000000e-02
 275   7.031250000000e-02    7.421875000000e-02
 276   7.421875000000e-02    7.812500000000e-02
 277   7.812500000000e-02    8.203125000000e-02
 278   8.203125000000e-02    8.593750000000e-02
 279   8.593750000000e-02    8.984375000000e-02
 280   8.984375000000e-02    9.375000000000e-02
 281   9.375000000000e-02    9.765625000000e-02
 282   9.765625000000e-02    1.015625000000e-01
 283   1.015625000000e-01    1.054687500000e-01
 284   1.054687500000e-01    1.093750000000e-01
 285   1.093750000000e-01    1.132812500000e-01
 286   1.132812500000e-01    1.171875000000e-01
 287   1.171875000000e-01    1.210937500000e-01
 288   1.210937500000e-01    1.250000000000e-01
 289   1.250000000000e-01    1.289062500000e-01
 290   1.289062500000e-01    1.328125000000e-01
 291   1.328125000000e-01    1.367187500000e-01
 292   1.367187500000e-01    1.406250000000e-01
 293   1.406250000000e-01    1.445312500000e-01
 294   1.445312500000e-01    1.484375000000e-01
 295   1.484375000000e-01    1.523437500000e-01
 296   1.523437500000e-01    1.562500000000e-01
 297   1.562500000000e-01    1.601562500000e-01
 298   1.601562500000e-01    1.640625000000e-01
 299   1.640625000000e-01    1.679687500000e-01
 300   1.679687500000e-01    1.718750000000e-01
 301   1.718750000000e-01    1.757812500000e-01
 302   1.757812500000e-01    1.796875000000e-01
 303   1.796875000000e-01    1.835937500000e-01
 304   1.835937500000e-01    1.875000000000e-01
 305   1.875000000000e-01    1.914062500000e-01
 306   1.914062500000e-01    1.953125000000e-01
 307   1.953125000000e-01    1.992187500000e-01
 308   1.992187500000e-01    2.031250000000e-01
 309   2.031250000000e-01    2.070312500000e-01
 310   2.070312500000e-01    2.109375000000e-01
 311   2.109375000000e-01    2.148437500000e-01
 312   2.148437500000e-01    2.187500000000e-01
 313   2.187500000000e-01    2.226562500000e-01
 314   2.226562500000e-01    2.265625000000e-01
 315   2.265625000000e-01    2.304687500000e-01
 316   2.304687500000e-01    2.343750000000e-01
 317   2.343750000000e-01    2.382812500000e-01
 318   2.382812500000e-01    2.421875000000e-01
 319   2.421875000000e-01    2.460937500000e-01
 320   2.460937500000e-01    2.500000000000e-01
 321   2.500000000000e-01    2.539062500000e-01
 322   2.539062500000e-01    2.578125000000e-01
 323   2.578125000000e-01    2.617187500000e-01
 324   2.617187500000e-01    2.656250000000e-01
 325   2.656250000000e-01    2.695312500000e-01
 326   2.695312500000e-01    2.734375000000e-01
 327   2.734375000000e-01    2.773437500000e-01
 328   2.773437500000e-01    2.812500000000e-01
 329   2.812500000000e-01    2.851562500000e-01
 330   2.851562500000e-01    2.890625000000e-01
 331   2.890625000000e-01    2.929687500000e-01
 332   2.929687500000e-01    2.968750000000e-01
 333   2.968750000000e-01    3.007812500000e-01
 334   3.007812500000e-01    3.046875000000e-01
 335   3.046875000000e-01    3.085937500000e-01
 336   3.085937500000e-01    3.125000000000e-01
 337   3.125000000000e-01    3.164062500000e-01
 338   3.164062500000e-01    3.203125000000e-01
 339   3.203125000000e-01    3.242187500000e-01
 340   3.242187500000e-01    3.281250000000e-01
 341   3.281250000000e-01    3.320312500000e-01
 342   3.320312500000e-01    3.359375000000e-01
 343   3.359375000000e-01    3.398437500000e-01
 344   3.398437500000e-01    3.437500000000e-01
 345   3.437500000000e-01    3.476562500000e-01
 346   3.476562500000e-01    3.515625000000e-01
 347   3.515625000000e-01    3.554687500000e-01
 348   3.554687500000e-01    3.593750000000e-01
 349   3.593750000000e-01    3.632812500000e-01
 350   3.632812500000e-01    3.671875000000e-01
 351   3.671875000000e-01    3.710937500000e-01
 352   3.710937500000e-01    3.750000000000e-01
 353   3.750000000000e-01    3.789062500000e-01
 354   3.789062500000e-01    3.828125000000e-01
 355   3.828125000000e-01    3.867187500000e-01
 356   3.867187500000e-01    3.906250000000e-01
 357   3.906250000000e-01    3.945312500000e-01
 358   3.945312500000e-01    3.984375000000e-01
 359   3.984375000000e-01    4.023437500000e-01
 360   4.023437500000e-01    4.062500000000e-01
 361   4.062500000000e-01    4.101562500000e-01
 362   4.101562500000e-01    4.140625000000e-01
 363   4.140625000000e-01    4.179687500000e-01
 364   4.179687500000e-01    4.218750000000e-01
 365   4.218750000000e-01    4.257812500000e-01
 366   4.257812500000e-01    4.296875000000e-01
 367   4.296875000000e-01    4.335937500000e-01
 368   4.335937500000e-01    4.375000000000e-01
 369   4.375000000000e-01    4.414062500000e-01
 370   4.414062500000e-01    4.453125000000e-01
 371   4.453125000000e-01    4.492187500000e-01
 372   4.492187500000e-01    4.531250000000e-01
 373   4.531250000000e-01    4.570312500000e-01
 374   4.570312500000e-01    4.609375000000e-01
 375   4.609375000000e-01    4.648437500000e-01
 376   4.648437500000e-01    4.687500000000e-01
 377   4.687500000000e-01    4.726562500000e-01
 378   4.726562500000e-01    4.765625000000e-01
 379   4.765625000000e-01    4.804687500000e-01
 380   4.804687500000e-01    4.843750000000e-01
 381   4.843750000000e-01    4.882812500000e-01
 382   4.882812500000e-01    4.921875000000e-01
 383   4.921875000000e-01    4.960937500000e-01
 384   4.960937500000e-01    5.000000000000e-01
 385   5.000000000000e-01    5.039062500000e-01
 386   5.039062500000e-01    5.078125000000e-01
 387   5.078125000000e-01    5.117187500000e-01
 388   5.117187500000e-01    5.156250000000e-01
 389   5.156250000000e-01    5.195312500000e-01
 390   5.195312500000e-01    5.234375000000e-01
 391   5.234375000000e-01    5.273437500000e-01
 392   5.273437500000e-01    5.312500000000e-01
 393   5.312500000000e-01    5.351562500000e-01
 394   5.351562500000e-01    5.390625000000e-01
 395   5.390625000000e-01    5.429687500000e-01
 396   5.429687500000e-01    5.468750000000e-01
 397   5.468750000000e-01    5.507812500000e-01
 398   5.507812500000e-01    5.546875000000e-01
 399   5.546875000000e-01    5.585937500000e-01
 400   5.585937500000e-01    5.625000000000e-01
 401   5.625000000000e-01    5.664062500000e-01
 402   5.664062500000e-01    5.703125000000e-01
 403   5.703125000000e-01    5.742187500000e-01
 404   5.742187500000e-01    5.781250000000e-01
 405   5.781250000000e-01    5.820312500000e-01
 406   5.820312500000e-01    5.859375000000e-01
 407   5.859375000000e-01    5.898437500000e-01
 408   5.898437500000e-01    5.937500000000e-01
 409   5.937500000000e-01    5.976562500000e-01
 410   5.976562500000e-01    6.015625000000e-01
 411   6.015625000000e-01    6.054687500000e-01
 412   6.054687500000e-01    6.093750000000e-01
 413   6.093750000000e-01    6.132812500000e-01
 414   6.132812500000e-01    6.171875000000e-01
 415   6.171875000000e-01    6.210937500000e-01
 416   6.210937500000e-01    6.250000000000e-01
 417   6.250000000000e-01    6.289062500000e-01
 418   6.289062500000e-01    6.328125000000e-01
 419   6.328125000000e-01    6.367187500000e-01
 420   6.367187500000e-01    6.406250000000e-01
 421   6.406250000000e-01    6.445312500000e-01
 422   6.445312500000e-01    6.484375000000e-01
 423   6.484375000000e-01    6.523437500000e-01
 424   6.523437500000e-01    6.562500000000e-01
 425   6.562500000000e-01    6.601562500000e-01
 426   6.601562500000e-01    6.640625000000e-01
 427   6.640625000000e-01    6.679687500000e-01
 428   6.679687500000e-01    6.718750000000e-01
 429   6.718750000000e-01    6.757812500000e-01
 430   6.757812500000e-01    6.796875000000e-01
 431   6.796875000000e-01    6.835937500000e-01
 432   6.835937500000e-01    6.875000000000e-01
 433   6.875000000000e-01    6.914062500000e-01
 434   6.914062500000e-01    6.953125000000e-01
 435   6.953125000000e-01    6.992187500000e-01
 436   6.992187500000e-01    7.031250000000e-01
 437   7.031250000000e-01    7.070312500000e-01
 438   7.070312500000e-01    7.109375000000e-01
 439   7.109375000000e-01    7.148437500000e-01
 440   7.148437500000e-01    7.187500000000e-01
 441   7.187500000000e-01    7.226562500000e-01
 442   7.226562500000e-01    7.265625000000e-01
 443   7.265625000000e-01    7.304687500000e-01
 444   7.304687500000e-01    7.343750000000e-01
 445   7.343750000000e-01    7.382812500000e-01
 446   7.382812500000e-01    7.421875000000e-01
 447   7.421875000000e-01    7.460937500000e-01
 448   7.460937500000e-01    7.500000000000e-01
 449   7.500000000000e-01    7.539062500000e-01
 450   7.539062500000e-01    7.578125000000e-01
 451   7.578125000000e-01    7.617187500000e-01
 452   7.617187500000e-01    7.656250000000e-01
 453   7.656250000000e-01    7.695312500000e-01
 454   7.695312500000e-01    7.734375000000e-01
 455   7.734375000000e-01    7.773437500000e-01
 456   7.773437500000e-01    7.812500000000e-01
 457   7.812500000000e-01    7.851562500000e-01
 458   7.851562500000e-01    7.890625000000e-01
 459   7.890625000000e-01    7.929687500000e-01
 460   7.929687500000e-01    7.968750000000e-01
 461   7.968750000000e-01    8.007812500000e-01
 462   8.007812500000e-01    8.046875000000e-01
 463   8.046875000000e-01    8.085937500000e-01
 464   8.085937500000e-01    8.125000000000e-01
 465   8.125000000000e-01    8.164062500000e-01
 466   8.164062500000e-01    8.203125000000e-01
 467   8.203125000000e-01    8.242187500000e-01
 468   8.242187500000e-01    8.281250000000e-01
 469   8.281250000000e-01    8.320312500000e-01
 470   8.320312500000e-01    8.359375000000e-01
 471   8.359375000000e-01    8.398437500000e-01
 472   8.398437500000e-01    8.437500000000e-01
 473   8.437500000000e-01    8.476562500000e-01
 474   8.476562500000e-01    8.515625000000e-01
 475   8.515625000000e-01    8.554687500000e-01
 476   8.554687500000e-01    8.593750000000e-01
 477   8.593750000000e-01    8.632812500000e-01
 478   8.632812500000e-01    8.671875000000e-01
 479   8.671875000000e-01    8.710937500000e-01
 480   8.710937500000e-01    8.750000000000e-01
 481   8.750000000000e-01    8.789062500000e-01
 482   8.789062500000e-01    8.828125000000e-01
 483   8.828125000000e-01    8.867187500000e-01
 484   8.867187500000e-01    8.906250000000e-01
 485   8.906250000000e-01    8.945312500000e-01
 486   8.945312500000e-01    8.984375000000e-01
 487   8.984375000000e-01    9.023437500000e-01
 488   9.023437500000e-01    9.062500000000e-01
 489   9.062500000000e-01    9.101562500000e-01
 490   9.101562500000e-01    9.140625000000e-01
 491   9.140625000000e-01    9.179687500000e-01
 492   9.179687500000e-01    9.218750000000e-01
 493   9.218750000000e-01    9.257812500000e-01
 494   9.257812500000e-01    9.296875000000e-01
 495   9.296875000000e-01    9.335937500000e-01
 496   9.335937500000e-01    9.375000000000e-01
 497   9.375000000000e-01    9.414062500000e-01
 498   9.414062500000e-01    9.453125000000e-01
 499   9.453125000000e-01    9.492187500000e-01
 500   9.492187500000e-01    9.531250000000e-01
 501   9.531250000000e-01    9.570312500000e-01
 502   9.570312500000e-01    9.609375000000e-01
 503   9.609375000000e-01    9.648437500000e-01
 504   9.648437500000e-01    9.687500000000e-01
 505   9.687500000000e-01    9.726562500000e-01
 506   9.726562500000e-01    9.765625000000e-01
 507   9.765625000000e-01    9.804687500000e-01
 508   9.804687500000e-01    9.843750000000e-01
 509   9.843750000000e-01    9.882812500000e-01
 510   9.882812500000e-01    9.921875000000e-01
 511   9.921875000000e-01    9.960937500000e-01
 512   9.960937500000e-01    1.000000000000e+00
1 
 1   -5.000000000000e-01    5.000000000000e-01
