# ******************************************************
# PLUTO 4.4-patch2 Grid File
# Generated on  Thu Jan 11 18:45:42 2024
# 
# DIMENSIONS: 3
# GEOMETRY:   POLAR
# X1: [ 0.000000,  10.000000], 256 point(s), 2 ghosts
# X3: [-10.000000,  10.000000], 512 point(s), 2 ghosts
# ******************************************************
256 
 1   0.000000000000e+00    3.906250000000e-02
 2   3.906250000000e-02    7.812500000000e-02
 3   7.812500000000e-02    1.171875000000e-01
 4   1.171875000000e-01    1.562500000000e-01
 5   1.562500000000e-01    1.953125000000e-01
 6   1.953125000000e-01    2.343750000000e-01
 7   2.343750000000e-01    2.734375000000e-01
 8   2.734375000000e-01    3.125000000000e-01
 9   3.125000000000e-01    3.515625000000e-01
 10   3.515625000000e-01    3.906250000000e-01
 11   3.906250000000e-01    4.296875000000e-01
 12   4.296875000000e-01    4.687500000000e-01
 13   4.687500000000e-01    5.078125000000e-01
 14   5.078125000000e-01    5.468750000000e-01
 15   5.468750000000e-01    5.859375000000e-01
 16   5.859375000000e-01    6.250000000000e-01
 17   6.250000000000e-01    6.640625000000e-01
 18   6.640625000000e-01    7.031250000000e-01
 19   7.031250000000e-01    7.421875000000e-01
 20   7.421875000000e-01    7.812500000000e-01
 21   7.812500000000e-01    8.203125000000e-01
 22   8.203125000000e-01    8.593750000000e-01
 23   8.593750000000e-01    8.984375000000e-01
 24   8.984375000000e-01    9.375000000000e-01
 25   9.375000000000e-01    9.765625000000e-01
 26   9.765625000000e-01    1.015625000000e+00
 27   1.015625000000e+00    1.054687500000e+00
 28   1.054687500000e+00    1.093750000000e+00
 29   1.093750000000e+00    1.132812500000e+00
 30   1.132812500000e+00    1.171875000000e+00
 31   1.171875000000e+00    1.210937500000e+00
 32   1.210937500000e+00    1.250000000000e+00
 33   1.250000000000e+00    1.289062500000e+00
 34   1.289062500000e+00    1.328125000000e+00
 35   1.328125000000e+00    1.367187500000e+00
 36   1.367187500000e+00    1.406250000000e+00
 37   1.406250000000e+00    1.445312500000e+00
 38   1.445312500000e+00    1.484375000000e+00
 39   1.484375000000e+00    1.523437500000e+00
 40   1.523437500000e+00    1.562500000000e+00
 41   1.562500000000e+00    1.601562500000e+00
 42   1.601562500000e+00    1.640625000000e+00
 43   1.640625000000e+00    1.679687500000e+00
 44   1.679687500000e+00    1.718750000000e+00
 45   1.718750000000e+00    1.757812500000e+00
 46   1.757812500000e+00    1.796875000000e+00
 47   1.796875000000e+00    1.835937500000e+00
 48   1.835937500000e+00    1.875000000000e+00
 49   1.875000000000e+00    1.914062500000e+00
 50   1.914062500000e+00    1.953125000000e+00
 51   1.953125000000e+00    1.992187500000e+00
 52   1.992187500000e+00    2.031250000000e+00
 53   2.031250000000e+00    2.070312500000e+00
 54   2.070312500000e+00    2.109375000000e+00
 55   2.109375000000e+00    2.148437500000e+00
 56   2.148437500000e+00    2.187500000000e+00
 57   2.187500000000e+00    2.226562500000e+00
 58   2.226562500000e+00    2.265625000000e+00
 59   2.265625000000e+00    2.304687500000e+00
 60   2.304687500000e+00    2.343750000000e+00
 61   2.343750000000e+00    2.382812500000e+00
 62   2.382812500000e+00    2.421875000000e+00
 63   2.421875000000e+00    2.460937500000e+00
 64   2.460937500000e+00    2.500000000000e+00
 65   2.500000000000e+00    2.539062500000e+00
 66   2.539062500000e+00    2.578125000000e+00
 67   2.578125000000e+00    2.617187500000e+00
 68   2.617187500000e+00    2.656250000000e+00
 69   2.656250000000e+00    2.695312500000e+00
 70   2.695312500000e+00    2.734375000000e+00
 71   2.734375000000e+00    2.773437500000e+00
 72   2.773437500000e+00    2.812500000000e+00
 73   2.812500000000e+00    2.851562500000e+00
 74   2.851562500000e+00    2.890625000000e+00
 75   2.890625000000e+00    2.929687500000e+00
 76   2.929687500000e+00    2.968750000000e+00
 77   2.968750000000e+00    3.007812500000e+00
 78   3.007812500000e+00    3.046875000000e+00
 79   3.046875000000e+00    3.085937500000e+00
 80   3.085937500000e+00    3.125000000000e+00
 81   3.125000000000e+00    3.164062500000e+00
 82   3.164062500000e+00    3.203125000000e+00
 83   3.203125000000e+00    3.242187500000e+00
 84   3.242187500000e+00    3.281250000000e+00
 85   3.281250000000e+00    3.320312500000e+00
 86   3.320312500000e+00    3.359375000000e+00
 87   3.359375000000e+00    3.398437500000e+00
 88   3.398437500000e+00    3.437500000000e+00
 89   3.437500000000e+00    3.476562500000e+00
 90   3.476562500000e+00    3.515625000000e+00
 91   3.515625000000e+00    3.554687500000e+00
 92   3.554687500000e+00    3.593750000000e+00
 93   3.593750000000e+00    3.632812500000e+00
 94   3.632812500000e+00    3.671875000000e+00
 95   3.671875000000e+00    3.710937500000e+00
 96   3.710937500000e+00    3.750000000000e+00
 97   3.750000000000e+00    3.789062500000e+00
 98   3.789062500000e+00    3.828125000000e+00
 99   3.828125000000e+00    3.867187500000e+00
 100   3.867187500000e+00    3.906250000000e+00
 101   3.906250000000e+00    3.945312500000e+00
 102   3.945312500000e+00    3.984375000000e+00
 103   3.984375000000e+00    4.023437500000e+00
 104   4.023437500000e+00    4.062500000000e+00
 105   4.062500000000e+00    4.101562500000e+00
 106   4.101562500000e+00    4.140625000000e+00
 107   4.140625000000e+00    4.179687500000e+00
 108   4.179687500000e+00    4.218750000000e+00
 109   4.218750000000e+00    4.257812500000e+00
 110   4.257812500000e+00    4.296875000000e+00
 111   4.296875000000e+00    4.335937500000e+00
 112   4.335937500000e+00    4.375000000000e+00
 113   4.375000000000e+00    4.414062500000e+00
 114   4.414062500000e+00    4.453125000000e+00
 115   4.453125000000e+00    4.492187500000e+00
 116   4.492187500000e+00    4.531250000000e+00
 117   4.531250000000e+00    4.570312500000e+00
 118   4.570312500000e+00    4.609375000000e+00
 119   4.609375000000e+00    4.648437500000e+00
 120   4.648437500000e+00    4.687500000000e+00
 121   4.687500000000e+00    4.726562500000e+00
 122   4.726562500000e+00    4.765625000000e+00
 123   4.765625000000e+00    4.804687500000e+00
 124   4.804687500000e+00    4.843750000000e+00
 125   4.843750000000e+00    4.882812500000e+00
 126   4.882812500000e+00    4.921875000000e+00
 127   4.921875000000e+00    4.960937500000e+00
 128   4.960937500000e+00    5.000000000000e+00
 129   5.000000000000e+00    5.039062500000e+00
 130   5.039062500000e+00    5.078125000000e+00
 131   5.078125000000e+00    5.117187500000e+00
 132   5.117187500000e+00    5.156250000000e+00
 133   5.156250000000e+00    5.195312500000e+00
 134   5.195312500000e+00    5.234375000000e+00
 135   5.234375000000e+00    5.273437500000e+00
 136   5.273437500000e+00    5.312500000000e+00
 137   5.312500000000e+00    5.351562500000e+00
 138   5.351562500000e+00    5.390625000000e+00
 139   5.390625000000e+00    5.429687500000e+00
 140   5.429687500000e+00    5.468750000000e+00
 141   5.468750000000e+00    5.507812500000e+00
 142   5.507812500000e+00    5.546875000000e+00
 143   5.546875000000e+00    5.585937500000e+00
 144   5.585937500000e+00    5.625000000000e+00
 145   5.625000000000e+00    5.664062500000e+00
 146   5.664062500000e+00    5.703125000000e+00
 147   5.703125000000e+00    5.742187500000e+00
 148   5.742187500000e+00    5.781250000000e+00
 149   5.781250000000e+00    5.820312500000e+00
 150   5.820312500000e+00    5.859375000000e+00
 151   5.859375000000e+00    5.898437500000e+00
 152   5.898437500000e+00    5.937500000000e+00
 153   5.937500000000e+00    5.976562500000e+00
 154   5.976562500000e+00    6.015625000000e+00
 155   6.015625000000e+00    6.054687500000e+00
 156   6.054687500000e+00    6.093750000000e+00
 157   6.093750000000e+00    6.132812500000e+00
 158   6.132812500000e+00    6.171875000000e+00
 159   6.171875000000e+00    6.210937500000e+00
 160   6.210937500000e+00    6.250000000000e+00
 161   6.250000000000e+00    6.289062500000e+00
 162   6.289062500000e+00    6.328125000000e+00
 163   6.328125000000e+00    6.367187500000e+00
 164   6.367187500000e+00    6.406250000000e+00
 165   6.406250000000e+00    6.445312500000e+00
 166   6.445312500000e+00    6.484375000000e+00
 167   6.484375000000e+00    6.523437500000e+00
 168   6.523437500000e+00    6.562500000000e+00
 169   6.562500000000e+00    6.601562500000e+00
 170   6.601562500000e+00    6.640625000000e+00
 171   6.640625000000e+00    6.679687500000e+00
 172   6.679687500000e+00    6.718750000000e+00
 173   6.718750000000e+00    6.757812500000e+00
 174   6.757812500000e+00    6.796875000000e+00
 175   6.796875000000e+00    6.835937500000e+00
 176   6.835937500000e+00    6.875000000000e+00
 177   6.875000000000e+00    6.914062500000e+00
 178   6.914062500000e+00    6.953125000000e+00
 179   6.953125000000e+00    6.992187500000e+00
 180   6.992187500000e+00    7.031250000000e+00
 181   7.031250000000e+00    7.070312500000e+00
 182   7.070312500000e+00    7.109375000000e+00
 183   7.109375000000e+00    7.148437500000e+00
 184   7.148437500000e+00    7.187500000000e+00
 185   7.187500000000e+00    7.226562500000e+00
 186   7.226562500000e+00    7.265625000000e+00
 187   7.265625000000e+00    7.304687500000e+00
 188   7.304687500000e+00    7.343750000000e+00
 189   7.343750000000e+00    7.382812500000e+00
 190   7.382812500000e+00    7.421875000000e+00
 191   7.421875000000e+00    7.460937500000e+00
 192   7.460937500000e+00    7.500000000000e+00
 193   7.500000000000e+00    7.539062500000e+00
 194   7.539062500000e+00    7.578125000000e+00
 195   7.578125000000e+00    7.617187500000e+00
 196   7.617187500000e+00    7.656250000000e+00
 197   7.656250000000e+00    7.695312500000e+00
 198   7.695312500000e+00    7.734375000000e+00
 199   7.734375000000e+00    7.773437500000e+00
 200   7.773437500000e+00    7.812500000000e+00
 201   7.812500000000e+00    7.851562500000e+00
 202   7.851562500000e+00    7.890625000000e+00
 203   7.890625000000e+00    7.929687500000e+00
 204   7.929687500000e+00    7.968750000000e+00
 205   7.968750000000e+00    8.007812500000e+00
 206   8.007812500000e+00    8.046875000000e+00
 207   8.046875000000e+00    8.085937500000e+00
 208   8.085937500000e+00    8.125000000000e+00
 209   8.125000000000e+00    8.164062500000e+00
 210   8.164062500000e+00    8.203125000000e+00
 211   8.203125000000e+00    8.242187500000e+00
 212   8.242187500000e+00    8.281250000000e+00
 213   8.281250000000e+00    8.320312500000e+00
 214   8.320312500000e+00    8.359375000000e+00
 215   8.359375000000e+00    8.398437500000e+00
 216   8.398437500000e+00    8.437500000000e+00
 217   8.437500000000e+00    8.476562500000e+00
 218   8.476562500000e+00    8.515625000000e+00
 219   8.515625000000e+00    8.554687500000e+00
 220   8.554687500000e+00    8.593750000000e+00
 221   8.593750000000e+00    8.632812500000e+00
 222   8.632812500000e+00    8.671875000000e+00
 223   8.671875000000e+00    8.710937500000e+00
 224   8.710937500000e+00    8.750000000000e+00
 225   8.750000000000e+00    8.789062500000e+00
 226   8.789062500000e+00    8.828125000000e+00
 227   8.828125000000e+00    8.867187500000e+00
 228   8.867187500000e+00    8.906250000000e+00
 229   8.906250000000e+00    8.945312500000e+00
 230   8.945312500000e+00    8.984375000000e+00
 231   8.984375000000e+00    9.023437500000e+00
 232   9.023437500000e+00    9.062500000000e+00
 233   9.062500000000e+00    9.101562500000e+00
 234   9.101562500000e+00    9.140625000000e+00
 235   9.140625000000e+00    9.179687500000e+00
 236   9.179687500000e+00    9.218750000000e+00
 237   9.218750000000e+00    9.257812500000e+00
 238   9.257812500000e+00    9.296875000000e+00
 239   9.296875000000e+00    9.335937500000e+00
 240   9.335937500000e+00    9.375000000000e+00
 241   9.375000000000e+00    9.414062500000e+00
 242   9.414062500000e+00    9.453125000000e+00
 243   9.453125000000e+00    9.492187500000e+00
 244   9.492187500000e+00    9.531250000000e+00
 245   9.531250000000e+00    9.570312500000e+00
 246   9.570312500000e+00    9.609375000000e+00
 247   9.609375000000e+00    9.648437500000e+00
 248   9.648437500000e+00    9.687500000000e+00
 249   9.687500000000e+00    9.726562500000e+00
 250   9.726562500000e+00    9.765625000000e+00
 251   9.765625000000e+00    9.804687500000e+00
 252   9.804687500000e+00    9.843750000000e+00
 253   9.843750000000e+00    9.882812500000e+00
 254   9.882812500000e+00    9.921875000000e+00
 255   9.921875000000e+00    9.960937500000e+00
 256   9.960937500000e+00    1.000000000000e+01
1 
 1   0.000000000000e+00    1.000000000000e+00
512 
 1   -1.000000000000e+01    -9.960937500000e+00
 2   -9.960937500000e+00    -9.921875000000e+00
 3   -9.921875000000e+00    -9.882812500000e+00
 4   -9.882812500000e+00    -9.843750000000e+00
 5   -9.843750000000e+00    -9.804687500000e+00
 6   -9.804687500000e+00    -9.765625000000e+00
 7   -9.765625000000e+00    -9.726562500000e+00
 8   -9.726562500000e+00    -9.687500000000e+00
 9   -9.687500000000e+00    -9.648437500000e+00
 10   -9.648437500000e+00    -9.609375000000e+00
 11   -9.609375000000e+00    -9.570312500000e+00
 12   -9.570312500000e+00    -9.531250000000e+00
 13   -9.531250000000e+00    -9.492187500000e+00
 14   -9.492187500000e+00    -9.453125000000e+00
 15   -9.453125000000e+00    -9.414062500000e+00
 16   -9.414062500000e+00    -9.375000000000e+00
 17   -9.375000000000e+00    -9.335937500000e+00
 18   -9.335937500000e+00    -9.296875000000e+00
 19   -9.296875000000e+00    -9.257812500000e+00
 20   -9.257812500000e+00    -9.218750000000e+00
 21   -9.218750000000e+00    -9.179687500000e+00
 22   -9.179687500000e+00    -9.140625000000e+00
 23   -9.140625000000e+00    -9.101562500000e+00
 24   -9.101562500000e+00    -9.062500000000e+00
 25   -9.062500000000e+00    -9.023437500000e+00
 26   -9.023437500000e+00    -8.984375000000e+00
 27   -8.984375000000e+00    -8.945312500000e+00
 28   -8.945312500000e+00    -8.906250000000e+00
 29   -8.906250000000e+00    -8.867187500000e+00
 30   -8.867187500000e+00    -8.828125000000e+00
 31   -8.828125000000e+00    -8.789062500000e+00
 32   -8.789062500000e+00    -8.750000000000e+00
 33   -8.750000000000e+00    -8.710937500000e+00
 34   -8.710937500000e+00    -8.671875000000e+00
 35   -8.671875000000e+00    -8.632812500000e+00
 36   -8.632812500000e+00    -8.593750000000e+00
 37   -8.593750000000e+00    -8.554687500000e+00
 38   -8.554687500000e+00    -8.515625000000e+00
 39   -8.515625000000e+00    -8.476562500000e+00
 40   -8.476562500000e+00    -8.437500000000e+00
 41   -8.437500000000e+00    -8.398437500000e+00
 42   -8.398437500000e+00    -8.359375000000e+00
 43   -8.359375000000e+00    -8.320312500000e+00
 44   -8.320312500000e+00    -8.281250000000e+00
 45   -8.281250000000e+00    -8.242187500000e+00
 46   -8.242187500000e+00    -8.203125000000e+00
 47   -8.203125000000e+00    -8.164062500000e+00
 48   -8.164062500000e+00    -8.125000000000e+00
 49   -8.125000000000e+00    -8.085937500000e+00
 50   -8.085937500000e+00    -8.046875000000e+00
 51   -8.046875000000e+00    -8.007812500000e+00
 52   -8.007812500000e+00    -7.968750000000e+00
 53   -7.968750000000e+00    -7.929687500000e+00
 54   -7.929687500000e+00    -7.890625000000e+00
 55   -7.890625000000e+00    -7.851562500000e+00
 56   -7.851562500000e+00    -7.812500000000e+00
 57   -7.812500000000e+00    -7.773437500000e+00
 58   -7.773437500000e+00    -7.734375000000e+00
 59   -7.734375000000e+00    -7.695312500000e+00
 60   -7.695312500000e+00    -7.656250000000e+00
 61   -7.656250000000e+00    -7.617187500000e+00
 62   -7.617187500000e+00    -7.578125000000e+00
 63   -7.578125000000e+00    -7.539062500000e+00
 64   -7.539062500000e+00    -7.500000000000e+00
 65   -7.500000000000e+00    -7.460937500000e+00
 66   -7.460937500000e+00    -7.421875000000e+00
 67   -7.421875000000e+00    -7.382812500000e+00
 68   -7.382812500000e+00    -7.343750000000e+00
 69   -7.343750000000e+00    -7.304687500000e+00
 70   -7.304687500000e+00    -7.265625000000e+00
 71   -7.265625000000e+00    -7.226562500000e+00
 72   -7.226562500000e+00    -7.187500000000e+00
 73   -7.187500000000e+00    -7.148437500000e+00
 74   -7.148437500000e+00    -7.109375000000e+00
 75   -7.109375000000e+00    -7.070312500000e+00
 76   -7.070312500000e+00    -7.031250000000e+00
 77   -7.031250000000e+00    -6.992187500000e+00
 78   -6.992187500000e+00    -6.953125000000e+00
 79   -6.953125000000e+00    -6.914062500000e+00
 80   -6.914062500000e+00    -6.875000000000e+00
 81   -6.875000000000e+00    -6.835937500000e+00
 82   -6.835937500000e+00    -6.796875000000e+00
 83   -6.796875000000e+00    -6.757812500000e+00
 84   -6.757812500000e+00    -6.718750000000e+00
 85   -6.718750000000e+00    -6.679687500000e+00
 86   -6.679687500000e+00    -6.640625000000e+00
 87   -6.640625000000e+00    -6.601562500000e+00
 88   -6.601562500000e+00    -6.562500000000e+00
 89   -6.562500000000e+00    -6.523437500000e+00
 90   -6.523437500000e+00    -6.484375000000e+00
 91   -6.484375000000e+00    -6.445312500000e+00
 92   -6.445312500000e+00    -6.406250000000e+00
 93   -6.406250000000e+00    -6.367187500000e+00
 94   -6.367187500000e+00    -6.328125000000e+00
 95   -6.328125000000e+00    -6.289062500000e+00
 96   -6.289062500000e+00    -6.250000000000e+00
 97   -6.250000000000e+00    -6.210937500000e+00
 98   -6.210937500000e+00    -6.171875000000e+00
 99   -6.171875000000e+00    -6.132812500000e+00
 100   -6.132812500000e+00    -6.093750000000e+00
 101   -6.093750000000e+00    -6.054687500000e+00
 102   -6.054687500000e+00    -6.015625000000e+00
 103   -6.015625000000e+00    -5.976562500000e+00
 104   -5.976562500000e+00    -5.937500000000e+00
 105   -5.937500000000e+00    -5.898437500000e+00
 106   -5.898437500000e+00    -5.859375000000e+00
 107   -5.859375000000e+00    -5.820312500000e+00
 108   -5.820312500000e+00    -5.781250000000e+00
 109   -5.781250000000e+00    -5.742187500000e+00
 110   -5.742187500000e+00    -5.703125000000e+00
 111   -5.703125000000e+00    -5.664062500000e+00
 112   -5.664062500000e+00    -5.625000000000e+00
 113   -5.625000000000e+00    -5.585937500000e+00
 114   -5.585937500000e+00    -5.546875000000e+00
 115   -5.546875000000e+00    -5.507812500000e+00
 116   -5.507812500000e+00    -5.468750000000e+00
 117   -5.468750000000e+00    -5.429687500000e+00
 118   -5.429687500000e+00    -5.390625000000e+00
 119   -5.390625000000e+00    -5.351562500000e+00
 120   -5.351562500000e+00    -5.312500000000e+00
 121   -5.312500000000e+00    -5.273437500000e+00
 122   -5.273437500000e+00    -5.234375000000e+00
 123   -5.234375000000e+00    -5.195312500000e+00
 124   -5.195312500000e+00    -5.156250000000e+00
 125   -5.156250000000e+00    -5.117187500000e+00
 126   -5.117187500000e+00    -5.078125000000e+00
 127   -5.078125000000e+00    -5.039062500000e+00
 128   -5.039062500000e+00    -5.000000000000e+00
 129   -5.000000000000e+00    -4.960937500000e+00
 130   -4.960937500000e+00    -4.921875000000e+00
 131   -4.921875000000e+00    -4.882812500000e+00
 132   -4.882812500000e+00    -4.843750000000e+00
 133   -4.843750000000e+00    -4.804687500000e+00
 134   -4.804687500000e+00    -4.765625000000e+00
 135   -4.765625000000e+00    -4.726562500000e+00
 136   -4.726562500000e+00    -4.687500000000e+00
 137   -4.687500000000e+00    -4.648437500000e+00
 138   -4.648437500000e+00    -4.609375000000e+00
 139   -4.609375000000e+00    -4.570312500000e+00
 140   -4.570312500000e+00    -4.531250000000e+00
 141   -4.531250000000e+00    -4.492187500000e+00
 142   -4.492187500000e+00    -4.453125000000e+00
 143   -4.453125000000e+00    -4.414062500000e+00
 144   -4.414062500000e+00    -4.375000000000e+00
 145   -4.375000000000e+00    -4.335937500000e+00
 146   -4.335937500000e+00    -4.296875000000e+00
 147   -4.296875000000e+00    -4.257812500000e+00
 148   -4.257812500000e+00    -4.218750000000e+00
 149   -4.218750000000e+00    -4.179687500000e+00
 150   -4.179687500000e+00    -4.140625000000e+00
 151   -4.140625000000e+00    -4.101562500000e+00
 152   -4.101562500000e+00    -4.062500000000e+00
 153   -4.062500000000e+00    -4.023437500000e+00
 154   -4.023437500000e+00    -3.984375000000e+00
 155   -3.984375000000e+00    -3.945312500000e+00
 156   -3.945312500000e+00    -3.906250000000e+00
 157   -3.906250000000e+00    -3.867187500000e+00
 158   -3.867187500000e+00    -3.828125000000e+00
 159   -3.828125000000e+00    -3.789062500000e+00
 160   -3.789062500000e+00    -3.750000000000e+00
 161   -3.750000000000e+00    -3.710937500000e+00
 162   -3.710937500000e+00    -3.671875000000e+00
 163   -3.671875000000e+00    -3.632812500000e+00
 164   -3.632812500000e+00    -3.593750000000e+00
 165   -3.593750000000e+00    -3.554687500000e+00
 166   -3.554687500000e+00    -3.515625000000e+00
 167   -3.515625000000e+00    -3.476562500000e+00
 168   -3.476562500000e+00    -3.437500000000e+00
 169   -3.437500000000e+00    -3.398437500000e+00
 170   -3.398437500000e+00    -3.359375000000e+00
 171   -3.359375000000e+00    -3.320312500000e+00
 172   -3.320312500000e+00    -3.281250000000e+00
 173   -3.281250000000e+00    -3.242187500000e+00
 174   -3.242187500000e+00    -3.203125000000e+00
 175   -3.203125000000e+00    -3.164062500000e+00
 176   -3.164062500000e+00    -3.125000000000e+00
 177   -3.125000000000e+00    -3.085937500000e+00
 178   -3.085937500000e+00    -3.046875000000e+00
 179   -3.046875000000e+00    -3.007812500000e+00
 180   -3.007812500000e+00    -2.968750000000e+00
 181   -2.968750000000e+00    -2.929687500000e+00
 182   -2.929687500000e+00    -2.890625000000e+00
 183   -2.890625000000e+00    -2.851562500000e+00
 184   -2.851562500000e+00    -2.812500000000e+00
 185   -2.812500000000e+00    -2.773437500000e+00
 186   -2.773437500000e+00    -2.734375000000e+00
 187   -2.734375000000e+00    -2.695312500000e+00
 188   -2.695312500000e+00    -2.656250000000e+00
 189   -2.656250000000e+00    -2.617187500000e+00
 190   -2.617187500000e+00    -2.578125000000e+00
 191   -2.578125000000e+00    -2.539062500000e+00
 192   -2.539062500000e+00    -2.500000000000e+00
 193   -2.500000000000e+00    -2.460937500000e+00
 194   -2.460937500000e+00    -2.421875000000e+00
 195   -2.421875000000e+00    -2.382812500000e+00
 196   -2.382812500000e+00    -2.343750000000e+00
 197   -2.343750000000e+00    -2.304687500000e+00
 198   -2.304687500000e+00    -2.265625000000e+00
 199   -2.265625000000e+00    -2.226562500000e+00
 200   -2.226562500000e+00    -2.187500000000e+00
 201   -2.187500000000e+00    -2.148437500000e+00
 202   -2.148437500000e+00    -2.109375000000e+00
 203   -2.109375000000e+00    -2.070312500000e+00
 204   -2.070312500000e+00    -2.031250000000e+00
 205   -2.031250000000e+00    -1.992187500000e+00
 206   -1.992187500000e+00    -1.953125000000e+00
 207   -1.953125000000e+00    -1.914062500000e+00
 208   -1.914062500000e+00    -1.875000000000e+00
 209   -1.875000000000e+00    -1.835937500000e+00
 210   -1.835937500000e+00    -1.796875000000e+00
 211   -1.796875000000e+00    -1.757812500000e+00
 212   -1.757812500000e+00    -1.718750000000e+00
 213   -1.718750000000e+00    -1.679687500000e+00
 214   -1.679687500000e+00    -1.640625000000e+00
 215   -1.640625000000e+00    -1.601562500000e+00
 216   -1.601562500000e+00    -1.562500000000e+00
 217   -1.562500000000e+00    -1.523437500000e+00
 218   -1.523437500000e+00    -1.484375000000e+00
 219   -1.484375000000e+00    -1.445312500000e+00
 220   -1.445312500000e+00    -1.406250000000e+00
 221   -1.406250000000e+00    -1.367187500000e+00
 222   -1.367187500000e+00    -1.328125000000e+00
 223   -1.328125000000e+00    -1.289062500000e+00
 224   -1.289062500000e+00    -1.250000000000e+00
 225   -1.250000000000e+00    -1.210937500000e+00
 226   -1.210937500000e+00    -1.171875000000e+00
 227   -1.171875000000e+00    -1.132812500000e+00
 228   -1.132812500000e+00    -1.093750000000e+00
 229   -1.093750000000e+00    -1.054687500000e+00
 230   -1.054687500000e+00    -1.015625000000e+00
 231   -1.015625000000e+00    -9.765625000000e-01
 232   -9.765625000000e-01    -9.375000000000e-01
 233   -9.375000000000e-01    -8.984375000000e-01
 234   -8.984375000000e-01    -8.593750000000e-01
 235   -8.593750000000e-01    -8.203125000000e-01
 236   -8.203125000000e-01    -7.812500000000e-01
 237   -7.812500000000e-01    -7.421875000000e-01
 238   -7.421875000000e-01    -7.031250000000e-01
 239   -7.031250000000e-01    -6.640625000000e-01
 240   -6.640625000000e-01    -6.250000000000e-01
 241   -6.250000000000e-01    -5.859375000000e-01
 242   -5.859375000000e-01    -5.468750000000e-01
 243   -5.468750000000e-01    -5.078125000000e-01
 244   -5.078125000000e-01    -4.687500000000e-01
 245   -4.687500000000e-01    -4.296875000000e-01
 246   -4.296875000000e-01    -3.906250000000e-01
 247   -3.906250000000e-01    -3.515625000000e-01
 248   -3.515625000000e-01    -3.125000000000e-01
 249   -3.125000000000e-01    -2.734375000000e-01
 250   -2.734375000000e-01    -2.343750000000e-01
 251   -2.343750000000e-01    -1.953125000000e-01
 252   -1.953125000000e-01    -1.562500000000e-01
 253   -1.562500000000e-01    -1.171875000000e-01
 254   -1.171875000000e-01    -7.812500000000e-02
 255   -7.812500000000e-02    -3.906250000000e-02
 256   -3.906250000000e-02    0.000000000000e+00
 257   0.000000000000e+00    3.906250000000e-02
 258   3.906250000000e-02    7.812500000000e-02
 259   7.812500000000e-02    1.171875000000e-01
 260   1.171875000000e-01    1.562500000000e-01
 261   1.562500000000e-01    1.953125000000e-01
 262   1.953125000000e-01    2.343750000000e-01
 263   2.343750000000e-01    2.734375000000e-01
 264   2.734375000000e-01    3.125000000000e-01
 265   3.125000000000e-01    3.515625000000e-01
 266   3.515625000000e-01    3.906250000000e-01
 267   3.906250000000e-01    4.296875000000e-01
 268   4.296875000000e-01    4.687500000000e-01
 269   4.687500000000e-01    5.078125000000e-01
 270   5.078125000000e-01    5.468750000000e-01
 271   5.468750000000e-01    5.859375000000e-01
 272   5.859375000000e-01    6.250000000000e-01
 273   6.250000000000e-01    6.640625000000e-01
 274   6.640625000000e-01    7.031250000000e-01
 275   7.031250000000e-01    7.421875000000e-01
 276   7.421875000000e-01    7.812500000000e-01
 277   7.812500000000e-01    8.203125000000e-01
 278   8.203125000000e-01    8.593750000000e-01
 279   8.593750000000e-01    8.984375000000e-01
 280   8.984375000000e-01    9.375000000000e-01
 281   9.375000000000e-01    9.765625000000e-01
 282   9.765625000000e-01    1.015625000000e+00
 283   1.015625000000e+00    1.054687500000e+00
 284   1.054687500000e+00    1.093750000000e+00
 285   1.093750000000e+00    1.132812500000e+00
 286   1.132812500000e+00    1.171875000000e+00
 287   1.171875000000e+00    1.210937500000e+00
 288   1.210937500000e+00    1.250000000000e+00
 289   1.250000000000e+00    1.289062500000e+00
 290   1.289062500000e+00    1.328125000000e+00
 291   1.328125000000e+00    1.367187500000e+00
 292   1.367187500000e+00    1.406250000000e+00
 293   1.406250000000e+00    1.445312500000e+00
 294   1.445312500000e+00    1.484375000000e+00
 295   1.484375000000e+00    1.523437500000e+00
 296   1.523437500000e+00    1.562500000000e+00
 297   1.562500000000e+00    1.601562500000e+00
 298   1.601562500000e+00    1.640625000000e+00
 299   1.640625000000e+00    1.679687500000e+00
 300   1.679687500000e+00    1.718750000000e+00
 301   1.718750000000e+00    1.757812500000e+00
 302   1.757812500000e+00    1.796875000000e+00
 303   1.796875000000e+00    1.835937500000e+00
 304   1.835937500000e+00    1.875000000000e+00
 305   1.875000000000e+00    1.914062500000e+00
 306   1.914062500000e+00    1.953125000000e+00
 307   1.953125000000e+00    1.992187500000e+00
 308   1.992187500000e+00    2.031250000000e+00
 309   2.031250000000e+00    2.070312500000e+00
 310   2.070312500000e+00    2.109375000000e+00
 311   2.109375000000e+00    2.148437500000e+00
 312   2.148437500000e+00    2.187500000000e+00
 313   2.187500000000e+00    2.226562500000e+00
 314   2.226562500000e+00    2.265625000000e+00
 315   2.265625000000e+00    2.304687500000e+00
 316   2.304687500000e+00    2.343750000000e+00
 317   2.343750000000e+00    2.382812500000e+00
 318   2.382812500000e+00    2.421875000000e+00
 319   2.421875000000e+00    2.460937500000e+00
 320   2.460937500000e+00    2.500000000000e+00
 321   2.500000000000e+00    2.539062500000e+00
 322   2.539062500000e+00    2.578125000000e+00
 323   2.578125000000e+00    2.617187500000e+00
 324   2.617187500000e+00    2.656250000000e+00
 325   2.656250000000e+00    2.695312500000e+00
 326   2.695312500000e+00    2.734375000000e+00
 327   2.734375000000e+00    2.773437500000e+00
 328   2.773437500000e+00    2.812500000000e+00
 329   2.812500000000e+00    2.851562500000e+00
 330   2.851562500000e+00    2.890625000000e+00
 331   2.890625000000e+00    2.929687500000e+00
 332   2.929687500000e+00    2.968750000000e+00
 333   2.968750000000e+00    3.007812500000e+00
 334   3.007812500000e+00    3.046875000000e+00
 335   3.046875000000e+00    3.085937500000e+00
 336   3.085937500000e+00    3.125000000000e+00
 337   3.125000000000e+00    3.164062500000e+00
 338   3.164062500000e+00    3.203125000000e+00
 339   3.203125000000e+00    3.242187500000e+00
 340   3.242187500000e+00    3.281250000000e+00
 341   3.281250000000e+00    3.320312500000e+00
 342   3.320312500000e+00    3.359375000000e+00
 343   3.359375000000e+00    3.398437500000e+00
 344   3.398437500000e+00    3.437500000000e+00
 345   3.437500000000e+00    3.476562500000e+00
 346   3.476562500000e+00    3.515625000000e+00
 347   3.515625000000e+00    3.554687500000e+00
 348   3.554687500000e+00    3.593750000000e+00
 349   3.593750000000e+00    3.632812500000e+00
 350   3.632812500000e+00    3.671875000000e+00
 351   3.671875000000e+00    3.710937500000e+00
 352   3.710937500000e+00    3.750000000000e+00
 353   3.750000000000e+00    3.789062500000e+00
 354   3.789062500000e+00    3.828125000000e+00
 355   3.828125000000e+00    3.867187500000e+00
 356   3.867187500000e+00    3.906250000000e+00
 357   3.906250000000e+00    3.945312500000e+00
 358   3.945312500000e+00    3.984375000000e+00
 359   3.984375000000e+00    4.023437500000e+00
 360   4.023437500000e+00    4.062500000000e+00
 361   4.062500000000e+00    4.101562500000e+00
 362   4.101562500000e+00    4.140625000000e+00
 363   4.140625000000e+00    4.179687500000e+00
 364   4.179687500000e+00    4.218750000000e+00
 365   4.218750000000e+00    4.257812500000e+00
 366   4.257812500000e+00    4.296875000000e+00
 367   4.296875000000e+00    4.335937500000e+00
 368   4.335937500000e+00    4.375000000000e+00
 369   4.375000000000e+00    4.414062500000e+00
 370   4.414062500000e+00    4.453125000000e+00
 371   4.453125000000e+00    4.492187500000e+00
 372   4.492187500000e+00    4.531250000000e+00
 373   4.531250000000e+00    4.570312500000e+00
 374   4.570312500000e+00    4.609375000000e+00
 375   4.609375000000e+00    4.648437500000e+00
 376   4.648437500000e+00    4.687500000000e+00
 377   4.687500000000e+00    4.726562500000e+00
 378   4.726562500000e+00    4.765625000000e+00
 379   4.765625000000e+00    4.804687500000e+00
 380   4.804687500000e+00    4.843750000000e+00
 381   4.843750000000e+00    4.882812500000e+00
 382   4.882812500000e+00    4.921875000000e+00
 383   4.921875000000e+00    4.960937500000e+00
 384   4.960937500000e+00    5.000000000000e+00
 385   5.000000000000e+00    5.039062500000e+00
 386   5.039062500000e+00    5.078125000000e+00
 387   5.078125000000e+00    5.117187500000e+00
 388   5.117187500000e+00    5.156250000000e+00
 389   5.156250000000e+00    5.195312500000e+00
 390   5.195312500000e+00    5.234375000000e+00
 391   5.234375000000e+00    5.273437500000e+00
 392   5.273437500000e+00    5.312500000000e+00
 393   5.312500000000e+00    5.351562500000e+00
 394   5.351562500000e+00    5.390625000000e+00
 395   5.390625000000e+00    5.429687500000e+00
 396   5.429687500000e+00    5.468750000000e+00
 397   5.468750000000e+00    5.507812500000e+00
 398   5.507812500000e+00    5.546875000000e+00
 399   5.546875000000e+00    5.585937500000e+00
 400   5.585937500000e+00    5.625000000000e+00
 401   5.625000000000e+00    5.664062500000e+00
 402   5.664062500000e+00    5.703125000000e+00
 403   5.703125000000e+00    5.742187500000e+00
 404   5.742187500000e+00    5.781250000000e+00
 405   5.781250000000e+00    5.820312500000e+00
 406   5.820312500000e+00    5.859375000000e+00
 407   5.859375000000e+00    5.898437500000e+00
 408   5.898437500000e+00    5.937500000000e+00
 409   5.937500000000e+00    5.976562500000e+00
 410   5.976562500000e+00    6.015625000000e+00
 411   6.015625000000e+00    6.054687500000e+00
 412   6.054687500000e+00    6.093750000000e+00
 413   6.093750000000e+00    6.132812500000e+00
 414   6.132812500000e+00    6.171875000000e+00
 415   6.171875000000e+00    6.210937500000e+00
 416   6.210937500000e+00    6.250000000000e+00
 417   6.250000000000e+00    6.289062500000e+00
 418   6.289062500000e+00    6.328125000000e+00
 419   6.328125000000e+00    6.367187500000e+00
 420   6.367187500000e+00    6.406250000000e+00
 421   6.406250000000e+00    6.445312500000e+00
 422   6.445312500000e+00    6.484375000000e+00
 423   6.484375000000e+00    6.523437500000e+00
 424   6.523437500000e+00    6.562500000000e+00
 425   6.562500000000e+00    6.601562500000e+00
 426   6.601562500000e+00    6.640625000000e+00
 427   6.640625000000e+00    6.679687500000e+00
 428   6.679687500000e+00    6.718750000000e+00
 429   6.718750000000e+00    6.757812500000e+00
 430   6.757812500000e+00    6.796875000000e+00
 431   6.796875000000e+00    6.835937500000e+00
 432   6.835937500000e+00    6.875000000000e+00
 433   6.875000000000e+00    6.914062500000e+00
 434   6.914062500000e+00    6.953125000000e+00
 435   6.953125000000e+00    6.992187500000e+00
 436   6.992187500000e+00    7.031250000000e+00
 437   7.031250000000e+00    7.070312500000e+00
 438   7.070312500000e+00    7.109375000000e+00
 439   7.109375000000e+00    7.148437500000e+00
 440   7.148437500000e+00    7.187500000000e+00
 441   7.187500000000e+00    7.226562500000e+00
 442   7.226562500000e+00    7.265625000000e+00
 443   7.265625000000e+00    7.304687500000e+00
 444   7.304687500000e+00    7.343750000000e+00
 445   7.343750000000e+00    7.382812500000e+00
 446   7.382812500000e+00    7.421875000000e+00
 447   7.421875000000e+00    7.460937500000e+00
 448   7.460937500000e+00    7.500000000000e+00
 449   7.500000000000e+00    7.539062500000e+00
 450   7.539062500000e+00    7.578125000000e+00
 451   7.578125000000e+00    7.617187500000e+00
 452   7.617187500000e+00    7.656250000000e+00
 453   7.656250000000e+00    7.695312500000e+00
 454   7.695312500000e+00    7.734375000000e+00
 455   7.734375000000e+00    7.773437500000e+00
 456   7.773437500000e+00    7.812500000000e+00
 457   7.812500000000e+00    7.851562500000e+00
 458   7.851562500000e+00    7.890625000000e+00
 459   7.890625000000e+00    7.929687500000e+00
 460   7.929687500000e+00    7.968750000000e+00
 461   7.968750000000e+00    8.007812500000e+00
 462   8.007812500000e+00    8.046875000000e+00
 463   8.046875000000e+00    8.085937500000e+00
 464   8.085937500000e+00    8.125000000000e+00
 465   8.125000000000e+00    8.164062500000e+00
 466   8.164062500000e+00    8.203125000000e+00
 467   8.203125000000e+00    8.242187500000e+00
 468   8.242187500000e+00    8.281250000000e+00
 469   8.281250000000e+00    8.320312500000e+00
 470   8.320312500000e+00    8.359375000000e+00
 471   8.359375000000e+00    8.398437500000e+00
 472   8.398437500000e+00    8.437500000000e+00
 473   8.437500000000e+00    8.476562500000e+00
 474   8.476562500000e+00    8.515625000000e+00
 475   8.515625000000e+00    8.554687500000e+00
 476   8.554687500000e+00    8.593750000000e+00
 477   8.593750000000e+00    8.632812500000e+00
 478   8.632812500000e+00    8.671875000000e+00
 479   8.671875000000e+00    8.710937500000e+00
 480   8.710937500000e+00    8.750000000000e+00
 481   8.750000000000e+00    8.789062500000e+00
 482   8.789062500000e+00    8.828125000000e+00
 483   8.828125000000e+00    8.867187500000e+00
 484   8.867187500000e+00    8.906250000000e+00
 485   8.906250000000e+00    8.945312500000e+00
 486   8.945312500000e+00    8.984375000000e+00
 487   8.984375000000e+00    9.023437500000e+00
 488   9.023437500000e+00    9.062500000000e+00
 489   9.062500000000e+00    9.101562500000e+00
 490   9.101562500000e+00    9.140625000000e+00
 491   9.140625000000e+00    9.179687500000e+00
 492   9.179687500000e+00    9.218750000000e+00
 493   9.218750000000e+00    9.257812500000e+00
 494   9.257812500000e+00    9.296875000000e+00
 495   9.296875000000e+00    9.335937500000e+00
 496   9.335937500000e+00    9.375000000000e+00
 497   9.375000000000e+00    9.414062500000e+00
 498   9.414062500000e+00    9.453125000000e+00
 499   9.453125000000e+00    9.492187500000e+00
 500   9.492187500000e+00    9.531250000000e+00
 501   9.531250000000e+00    9.570312500000e+00
 502   9.570312500000e+00    9.609375000000e+00
 503   9.609375000000e+00    9.648437500000e+00
 504   9.648437500000e+00    9.687500000000e+00
 505   9.687500000000e+00    9.726562500000e+00
 506   9.726562500000e+00    9.765625000000e+00
 507   9.765625000000e+00    9.804687500000e+00
 508   9.804687500000e+00    9.843750000000e+00
 509   9.843750000000e+00    9.882812500000e+00
 510   9.882812500000e+00    9.921875000000e+00
 511   9.921875000000e+00    9.960937500000e+00
 512   9.960937500000e+00    1.000000000000e+01
